<?xml version="1.0" encoding="UTF-8"?>
<robot generator="Robot 4.1 (Python 3.9.6 on win32)" generated="20210811 16:21:38.698" rpa="false" schemaversion="2">
<suite id="s1" name="TestCaseAPI" source="C:\Users\Jessica\Desktop\Testes\Ty_Test 01\test_case\TestCaseAPI.robot">
<kw name="Conectar a API" library="StepsAPI" type="SETUP">
<kw name="Create Session" library="RequestsLibrary">
<arg>fakeAPI</arg>
<arg>${URL_API}</arg>
<doc>Create Session: create a HTTP session to a server</doc>
<msg timestamp="20210811 16:21:40.824" level="INFO">Creating Session using : alias=fakeAPI, url=https://fakerestapi.azurewebsites.net/api/v1/, headers={},                     cookies={}, auth=None, timeout=None, proxies=None, verify=False,                     debug=0 </msg>
<status status="PASS" starttime="20210811 16:21:40.821" endtime="20210811 16:21:40.825"/>
</kw>
<status status="PASS" starttime="20210811 16:21:40.820" endtime="20210811 16:21:40.826"/>
</kw>
<test id="s1-t1" name="CT1:Buscar Listagem de todos os livros (GET em todos os livros)">
<kw name="Conectar a API" library="StepsAPI" type="SETUP">
<kw name="Create Session" library="RequestsLibrary">
<arg>fakeAPI</arg>
<arg>${URL_API}</arg>
<doc>Create Session: create a HTTP session to a server</doc>
<msg timestamp="20210811 16:21:40.833" level="INFO">Creating Session using : alias=fakeAPI, url=https://fakerestapi.azurewebsites.net/api/v1/, headers={},                     cookies={}, auth=None, timeout=None, proxies=None, verify=False,                     debug=0 </msg>
<status status="PASS" starttime="20210811 16:21:40.832" endtime="20210811 16:21:40.834"/>
</kw>
<status status="PASS" starttime="20210811 16:21:40.830" endtime="20210811 16:21:40.837"/>
</kw>
<kw name="Requisita todos os livros" library="StepsAPI">
<kw name="Get Request" library="RequestsLibrary">
<var>${RESPOSTA}</var>
<arg>fakeAPI</arg>
<arg>Books</arg>
<doc>*DEPRECATED* Please use `GET On Session` instead.</doc>
<msg timestamp="20210811 16:21:40.840" level="WARN">Keyword 'RequestsLibrary.Get Request' is deprecated. Please use `GET On Session` instead.</msg>
<msg timestamp="20210811 16:21:44.089" level="INFO">GET Request : url=https://fakerestapi.azurewebsites.net/api/v1/Books 
 path_url=/api/v1/Books 
 headers={'User-Agent': 'python-requests/2.26.0', 'Accept-Encoding': 'gzip, deflate', 'Accept': '*/*', 'Connection': 'keep-alive'} 
 body=None 
 </msg>
<msg timestamp="20210811 16:21:44.092" level="INFO">GET Response : url=https://fakerestapi.azurewebsites.net/api/v1/Books 
 status=200, reason=OK 
 headers={'Transfer-Encoding': 'chunked', 'Content-Type': 'application/json; charset=utf-8; v=1.0', 'Server': 'Kestrel', 'api-supported-versions': '1.0', 'Date': 'Wed, 11 Aug 2021 19:21:42 GMT'} 
 body=[{"id":1,"title":"Book 1","description":"Stet dolores est takimata invidunt amet. Rebum consetetur consequat dolor diam eirmod feugiat. Amet quis dolore clita exerci diam no feugiat voluptua consequat justo clita ut ipsum no vero ipsum clita. Sed quis nonumy ullamcorper tempor amet eum aliquyam takimata dolor kasd sit est et. Elitr sed kasd consetetur sea dolor hendrerit accusam ad sit clita ad. Dolore nibh amet eos et sadipscing accusam ipsum. Sea dolores ut sit duis lorem sit lorem diam et sit sed sed.\n","pageCount":100,"excerpt":"Dolor consetetur diam amet rebum labore dolor nulla sadipscing diam duo wisi praesent et vero elitr est doming. Diam voluptua et. Gubergren clita ullamcorper. Nibh takimata diam ea diam magna rebum sit in imperdiet sed mazim et accusam et ipsum nonumy. Eirmod invidunt duo at et est rebum invidunt dolore gubergren autem clita ut voluptua takimata. Kasd feugait justo. Amet sit nulla diam consequat eum dolore gubergren feugait ipsum aliquyam est nonumy elitr eirmod.\nRebum et in wisi illum velit odio dolore imperdiet dolor ut luptatum eu gubergren et in eos consequat diam. Dolor lorem nonummy vero eos dolore ea lorem esse iriure feugiat vel. Ut sed sit rebum nulla dolor sanctus stet nostrud lorem et ea dolore amet. Dolore rebum sadipscing diam no voluptua iusto aliquam laoreet facilisis eos wisi et autem vulputate at sed vero. Accusam et consetetur diam dolore. Rebum sit tincidunt vero sed. Delenit nulla tation diam dolor soluta nonumy sit gubergren vero. Accusam sanctus dolore dolore sed dignissim ipsum accusam sed dolore euismod consetetur elit gubergren vero est facer. Consetetur at ea elitr sea sit clita erat nobis ipsum lorem lorem. Gubergren justo eos justo at justo eu molestie ex duis voluptua stet aliquyam consetetur. Diam no erat amet vel sed aliquyam at suscipit consetetur et eirmod exerci. Dolores hendrerit stet ipsum lorem sit et blandit volutpat labore kasd consetetur ea. Volutpat et et sit rebum accusam et adipiscing invidunt augue et consetetur eos est eos dolores. Sit et eos erat stet gubergren invidunt eros vero voluptua est lorem lorem et esse voluptua autem volutpat facilisis.\nDolor sit ipsum. Ut no facilisis enim sea in et lorem lorem aliquyam invidunt clita lorem. Voluptua tempor ipsum iusto ipsum vero no.\nEt rebum dolore sadipscing sea facilisis et elit aliquyam luptatum. Eirmod sit tempor dolor sea adipiscing odio kasd autem liber lorem kasd blandit justo lorem. Assum ea lorem feugait no adipiscing lorem euismod stet tempor. Invidunt magna duo eirmod consequat dolor vel stet et ipsum est erat laoreet nam. Clita amet minim voluptua sit erat vel dolores duo. At aliquam praesent. Et ut eu ut suscipit et. Duo nonumy invidunt dolores hendrerit kasd. Dolor feugiat in takimata dolore et sanctus. Sed eos amet magna eum autem diam in est takimata diam no diam duis et. Blandit sanctus augue eirmod amet labore amet sed. Amet ipsum diam erat ipsum lorem ea exerci no et ipsum nulla est dolore nostrud sanctus ut. Nonumy accumsan rebum. Duo lobortis et elitr at. Elitr esse nonumy tempor lorem ut justo lobortis voluptua nibh et tempor amet est diam. Justo dolore nulla vel et erat magna no vero dolor sit lorem. Illum ipsum labore mazim invidunt sed eirmod accusam soluta sit magna eirmod eros takimata tempor amet et velit. Consequat voluptua qui erat vulputate ullamcorper ipsum.\nDolore sit accusam diam. Duis diam amet eum amet diam rebum at eos invidunt ipsum veniam rebum ea lorem. Justo quod stet et sadipscing ea sanctus minim euismod sed hendrerit. Voluptua dolores invidunt ea nisl at veniam rebum ipsum diam est gubergren kasd magna lorem ipsum sit dolor erat. Consetetur ut justo magna clita esse diam sanctus sea dolores dolores clita. Invidunt gubergren sed nonumy amet ipsum magna lorem et gubergren. Voluptua ea stet voluptua dolores amet dolor est lorem in euismod takimata sit voluptua. Magna euismod congue odio invidunt consectetuer ipsum sanctus sanctus suscipit in diam amet sed vero sit sit tempor. Amet aliquyam vel ipsum amet ut quod sed accusam et clita no stet. Vel ipsum lorem et duo et voluptua dolore eirmod sadipscing ex est tempor sea dolor invidunt lorem labore. Dolores kasd amet vel et ut dolor ea amet augue esse at et eos amet dolore duo sed. Sadipscing dolores et wisi ipsum justo diam justo. Consequat dolore eirmod ipsum labore takimata et labore esse takimata labore dolor et dolor gubergren. Ut est stet accusam erat aliquyam justo amet ea adipiscing consetetur sit rebum ut tempor dolore ea eirmod.\n","publishDate":"2021-08-10T19:21:42.635266+00:00"},{"id":2,"title":"Book 2","description":"Ut ad at eos sea vero ut lorem sadipscing duo dolor dolore. Vulputate tempor facilisis ea sadipscing voluptua vel eos aliquip ipsum ut takimata eum praesent tempor et dolores. Takimata dolor ut qui tempor labore sit iriure eos amet tempor in doming. Laoreet sanctus gubergren sit dolores aliquyam dolore eros gubergren sadipscing stet dolore dolor diam aliquyam zzril. Sadipscing voluptua ut ipsum accumsan et et quis dolores cum at. Rebum sea ipsum quod. Gubergren erat no kasd adipiscing ut invidunt dolore sed ut sanctus erat clita dolor. Vel illum kasd eum kasd feugait in ex et consequat eum dolor. Vero nonumy doming sed justo liber dolores hendrerit voluptua sit iriure et et dolor. Mazim rebum duo eos esse diam et vero eu sanctus dolor feugait. Dolore gubergren diam lorem assum sit invidunt exerci dolore magna eum magna. Justo et ea sit. Euismod accusam in praesent takimata ipsum ea eos kasd justo et lorem. Dolores erat quis justo ex ipsum lorem sit eos vero voluptua iusto consetetur dolor erat et voluptua. Tincidunt amet elitr consetetur rebum dolores sea lorem luptatum gubergren facilisi ea dolor. Consetetur laoreet magna nonumy gubergren ipsum takimata id vel vero zzril ipsum sed magna. Ipsum vulputate elitr et gubergren lorem consetetur dolore lorem ut. Et nostrud dolores erat. Sed dolore duo.\n","pageCount":200,"excerpt":"Ipsum augue rebum vero consequat ipsum in vel lorem et dolor voluptua lorem labore rebum ipsum nonumy. Exerci et voluptua velit. Kasd erat sanctus justo sadipscing eos et. Ipsum sadipscing invidunt tempor ut accusam consetetur eirmod feugiat eirmod lorem. Kasd erat iriure liber ut no sanctus aliquyam sed sanctus aliquyam. Ea lorem et stet duo takimata et et vulputate dolores nonumy minim autem. Labore nonumy et sit dolor lorem ea justo sea accusam sit duo sit amet kasd amet est. Sed no eirmod lorem dolor justo sed ipsum ipsum doming et veniam duis diam at sit. Dolores diam vero aliquip sit sit elit. Sanctus et ut nobis sed vero. Sit clita nonumy erat sed labore nibh justo sed clita kasd dolor vulputate labore rebum sit sanctus duis dolores. Dolores erat consetetur ipsum dolor duis takimata et esse ea dolor dolor amet amet velit nonummy amet magna erat.\nAccusam erat et tempor ipsum labore sea magna dolore. Sed diam veniam. Eu sed in sea ipsum elit sadipscing clita est sit velit laoreet sea dolor sadipscing. Ea vero sea vulputate lobortis lobortis. Sadipscing dolor gubergren lorem accusam sadipscing voluptua gubergren dolore et sadipscing lorem voluptua sed dolore diam accumsan. Ipsum gubergren voluptua eleifend minim vel tempor ea duis. Lorem zzril eos veniam amet tempor.\nIpsum justo lobortis takimata no vero consectetuer. Consetetur ea stet et sed consetetur no ipsum velit sit vero soluta eos sadipscing nonumy. Feugait no nonumy lobortis sed et magna accumsan consetetur no consequat praesent stet eleifend et aliquip iriure. Amet sea adipiscing ea diam est in accusam clita congue tempor ea amet aliquyam amet elitr amet diam. Ullamcorper est odio dolor. Sed elitr erat gubergren elitr facer eos iriure laoreet aliquyam enim et placerat kasd sea ipsum.\nEos nonumy duo possim. Sit consequat molestie kasd sadipscing vulputate dolore at lorem. Accumsan nibh sea ea. Voluptua diam kasd justo est in eum accusam diam dolor lorem labore dolores nonumy delenit in vero dolore et. Esse iriure illum invidunt sit laoreet zzril et sed voluptua nonumy labore lorem sadipscing exerci. Sed dolores lorem illum placerat est molestie eirmod gubergren ut rebum nam kasd kasd. Lorem no dolore sed labore et vero duo tation elitr magna labore diam. Sit ut voluptua diam vero nisl ipsum voluptua qui duis sadipscing veniam aliquam in at consequat. Nostrud amet dolor dolore dolore magna sea sed no consectetuer. Exerci vero accusam hendrerit. Eirmod enim ut dolore et dolore tempor et dolores veniam justo luptatum rebum dolor kasd. Sadipscing diam ipsum sea est et veniam dolor rebum et eros in et consetetur in sanctus dolor minim. Tempor ipsum takimata rebum dolor at kasd at sadipscing et. Et sed et sanctus velit et. Rebum consequat stet lorem diam vulputate lorem. Kasd sadipscing amet sanctus aliquyam no eos. Consetetur lorem lobortis adipiscing sadipscing et invidunt euismod volutpat sit nulla nonummy dolore amet facer sit facilisi et esse.\nDolor duis est. Sit stet clita. Volutpat justo gubergren eirmod tation eu. Tempor amet nonumy dolor adipiscing labore elitr augue lorem labore iriure tempor lobortis. Accusam sadipscing consequat lorem consequat in ea minim duo sanctus nonumy exerci. Et kasd tempor esse duo at diam voluptua eros velit volutpat amet autem sanctus ipsum nonumy. Ea et sadipscing dolor eum duis aliquip dolore tempor aliquyam dignissim feugait dolor diam sit volutpat no ipsum. At et consetetur est enim sea ut dolores tempor rebum eirmod et takimata enim dolor lorem sit ea. Ut qui sit est magna diam et ipsum dignissim duo nonumy sit. Dolor accusam iusto ex amet in stet ea sanctus no aliquyam qui dolor. Nonumy clita takimata sit sit no. Ut takimata dolor vel dolor tempor ut commodo erat.\n","publishDate":"2021-08-09T19:21:42.6353827+00:00"},{"id":3,"title":"Book 3","description":"Feugiat vel feugiat invidunt diam diam diam ipsum duo diam dolor et et adipiscing ipsum iriure sadipscing. Ut accusam lorem qui duis erat. At erat iusto lorem no lorem stet accusam nonummy eu i... (set the log level to DEBUG or TRACE to see the full content) 
 </msg>
<msg timestamp="20210811 16:21:44.093" level="INFO">c:\users\jessica\appdata\local\programs\python\python39\lib\site-packages\urllib3\connectionpool.py:1013: InsecureRequestWarning: Unverified HTTPS request is being made to host 'fakerestapi.azurewebsites.net'. Adding certificate verification is strongly advised. See: https://urllib3.readthedocs.io/en/1.26.x/advanced-usage.html#ssl-warnings
  warnings.warn(</msg>
<msg timestamp="20210811 16:21:44.098" level="INFO">${RESPOSTA} = &lt;Response [200]&gt;</msg>
<status status="PASS" starttime="20210811 16:21:40.840" endtime="20210811 16:21:44.099"/>
</kw>
<kw name="Log" library="BuiltIn">
<arg>${RESPOSTA.text}</arg>
<doc>Logs the given message with the given level.</doc>
<msg timestamp="20210811 16:21:44.111" level="INFO">[{"id":1,"title":"Book 1","description":"Stet dolores est takimata invidunt amet. Rebum consetetur consequat dolor diam eirmod feugiat. Amet quis dolore clita exerci diam no feugiat voluptua consequat justo clita ut ipsum no vero ipsum clita. Sed quis nonumy ullamcorper tempor amet eum aliquyam takimata dolor kasd sit est et. Elitr sed kasd consetetur sea dolor hendrerit accusam ad sit clita ad. Dolore nibh amet eos et sadipscing accusam ipsum. Sea dolores ut sit duis lorem sit lorem diam et sit sed sed.\n","pageCount":100,"excerpt":"Dolor consetetur diam amet rebum labore dolor nulla sadipscing diam duo wisi praesent et vero elitr est doming. Diam voluptua et. Gubergren clita ullamcorper. Nibh takimata diam ea diam magna rebum sit in imperdiet sed mazim et accusam et ipsum nonumy. Eirmod invidunt duo at et est rebum invidunt dolore gubergren autem clita ut voluptua takimata. Kasd feugait justo. Amet sit nulla diam consequat eum dolore gubergren feugait ipsum aliquyam est nonumy elitr eirmod.\nRebum et in wisi illum velit odio dolore imperdiet dolor ut luptatum eu gubergren et in eos consequat diam. Dolor lorem nonummy vero eos dolore ea lorem esse iriure feugiat vel. Ut sed sit rebum nulla dolor sanctus stet nostrud lorem et ea dolore amet. Dolore rebum sadipscing diam no voluptua iusto aliquam laoreet facilisis eos wisi et autem vulputate at sed vero. Accusam et consetetur diam dolore. Rebum sit tincidunt vero sed. Delenit nulla tation diam dolor soluta nonumy sit gubergren vero. Accusam sanctus dolore dolore sed dignissim ipsum accusam sed dolore euismod consetetur elit gubergren vero est facer. Consetetur at ea elitr sea sit clita erat nobis ipsum lorem lorem. Gubergren justo eos justo at justo eu molestie ex duis voluptua stet aliquyam consetetur. Diam no erat amet vel sed aliquyam at suscipit consetetur et eirmod exerci. Dolores hendrerit stet ipsum lorem sit et blandit volutpat labore kasd consetetur ea. Volutpat et et sit rebum accusam et adipiscing invidunt augue et consetetur eos est eos dolores. Sit et eos erat stet gubergren invidunt eros vero voluptua est lorem lorem et esse voluptua autem volutpat facilisis.\nDolor sit ipsum. Ut no facilisis enim sea in et lorem lorem aliquyam invidunt clita lorem. Voluptua tempor ipsum iusto ipsum vero no.\nEt rebum dolore sadipscing sea facilisis et elit aliquyam luptatum. Eirmod sit tempor dolor sea adipiscing odio kasd autem liber lorem kasd blandit justo lorem. Assum ea lorem feugait no adipiscing lorem euismod stet tempor. Invidunt magna duo eirmod consequat dolor vel stet et ipsum est erat laoreet nam. Clita amet minim voluptua sit erat vel dolores duo. At aliquam praesent. Et ut eu ut suscipit et. Duo nonumy invidunt dolores hendrerit kasd. Dolor feugiat in takimata dolore et sanctus. Sed eos amet magna eum autem diam in est takimata diam no diam duis et. Blandit sanctus augue eirmod amet labore amet sed. Amet ipsum diam erat ipsum lorem ea exerci no et ipsum nulla est dolore nostrud sanctus ut. Nonumy accumsan rebum. Duo lobortis et elitr at. Elitr esse nonumy tempor lorem ut justo lobortis voluptua nibh et tempor amet est diam. Justo dolore nulla vel et erat magna no vero dolor sit lorem. Illum ipsum labore mazim invidunt sed eirmod accusam soluta sit magna eirmod eros takimata tempor amet et velit. Consequat voluptua qui erat vulputate ullamcorper ipsum.\nDolore sit accusam diam. Duis diam amet eum amet diam rebum at eos invidunt ipsum veniam rebum ea lorem. Justo quod stet et sadipscing ea sanctus minim euismod sed hendrerit. Voluptua dolores invidunt ea nisl at veniam rebum ipsum diam est gubergren kasd magna lorem ipsum sit dolor erat. Consetetur ut justo magna clita esse diam sanctus sea dolores dolores clita. Invidunt gubergren sed nonumy amet ipsum magna lorem et gubergren. Voluptua ea stet voluptua dolores amet dolor est lorem in euismod takimata sit voluptua. Magna euismod congue odio invidunt consectetuer ipsum sanctus sanctus suscipit in diam amet sed vero sit sit tempor. Amet aliquyam vel ipsum amet ut quod sed accusam et clita no stet. Vel ipsum lorem et duo et voluptua dolore eirmod sadipscing ex est tempor sea dolor invidunt lorem labore. Dolores kasd amet vel et ut dolor ea amet augue esse at et eos amet dolore duo sed. Sadipscing dolores et wisi ipsum justo diam justo. Consequat dolore eirmod ipsum labore takimata et labore esse takimata labore dolor et dolor gubergren. Ut est stet accusam erat aliquyam justo amet ea adipiscing consetetur sit rebum ut tempor dolore ea eirmod.\n","publishDate":"2021-08-10T19:21:42.635266+00:00"},{"id":2,"title":"Book 2","description":"Ut ad at eos sea vero ut lorem sadipscing duo dolor dolore. Vulputate tempor facilisis ea sadipscing voluptua vel eos aliquip ipsum ut takimata eum praesent tempor et dolores. Takimata dolor ut qui tempor labore sit iriure eos amet tempor in doming. Laoreet sanctus gubergren sit dolores aliquyam dolore eros gubergren sadipscing stet dolore dolor diam aliquyam zzril. Sadipscing voluptua ut ipsum accumsan et et quis dolores cum at. Rebum sea ipsum quod. Gubergren erat no kasd adipiscing ut invidunt dolore sed ut sanctus erat clita dolor. Vel illum kasd eum kasd feugait in ex et consequat eum dolor. Vero nonumy doming sed justo liber dolores hendrerit voluptua sit iriure et et dolor. Mazim rebum duo eos esse diam et vero eu sanctus dolor feugait. Dolore gubergren diam lorem assum sit invidunt exerci dolore magna eum magna. Justo et ea sit. Euismod accusam in praesent takimata ipsum ea eos kasd justo et lorem. Dolores erat quis justo ex ipsum lorem sit eos vero voluptua iusto consetetur dolor erat et voluptua. Tincidunt amet elitr consetetur rebum dolores sea lorem luptatum gubergren facilisi ea dolor. Consetetur laoreet magna nonumy gubergren ipsum takimata id vel vero zzril ipsum sed magna. Ipsum vulputate elitr et gubergren lorem consetetur dolore lorem ut. Et nostrud dolores erat. Sed dolore duo.\n","pageCount":200,"excerpt":"Ipsum augue rebum vero consequat ipsum in vel lorem et dolor voluptua lorem labore rebum ipsum nonumy. Exerci et voluptua velit. Kasd erat sanctus justo sadipscing eos et. Ipsum sadipscing invidunt tempor ut accusam consetetur eirmod feugiat eirmod lorem. Kasd erat iriure liber ut no sanctus aliquyam sed sanctus aliquyam. Ea lorem et stet duo takimata et et vulputate dolores nonumy minim autem. Labore nonumy et sit dolor lorem ea justo sea accusam sit duo sit amet kasd amet est. Sed no eirmod lorem dolor justo sed ipsum ipsum doming et veniam duis diam at sit. Dolores diam vero aliquip sit sit elit. Sanctus et ut nobis sed vero. Sit clita nonumy erat sed labore nibh justo sed clita kasd dolor vulputate labore rebum sit sanctus duis dolores. Dolores erat consetetur ipsum dolor duis takimata et esse ea dolor dolor amet amet velit nonummy amet magna erat.\nAccusam erat et tempor ipsum labore sea magna dolore. Sed diam veniam. Eu sed in sea ipsum elit sadipscing clita est sit velit laoreet sea dolor sadipscing. Ea vero sea vulputate lobortis lobortis. Sadipscing dolor gubergren lorem accusam sadipscing voluptua gubergren dolore et sadipscing lorem voluptua sed dolore diam accumsan. Ipsum gubergren voluptua eleifend minim vel tempor ea duis. Lorem zzril eos veniam amet tempor.\nIpsum justo lobortis takimata no vero consectetuer. Consetetur ea stet et sed consetetur no ipsum velit sit vero soluta eos sadipscing nonumy. Feugait no nonumy lobortis sed et magna accumsan consetetur no consequat praesent stet eleifend et aliquip iriure. Amet sea adipiscing ea diam est in accusam clita congue tempor ea amet aliquyam amet elitr amet diam. Ullamcorper est odio dolor. Sed elitr erat gubergren elitr facer eos iriure laoreet aliquyam enim et placerat kasd sea ipsum.\nEos nonumy duo possim. Sit consequat molestie kasd sadipscing vulputate dolore at lorem. Accumsan nibh sea ea. Voluptua diam kasd justo est in eum accusam diam dolor lorem labore dolores nonumy delenit in vero dolore et. Esse iriure illum invidunt sit laoreet zzril et sed voluptua nonumy labore lorem sadipscing exerci. Sed dolores lorem illum placerat est molestie eirmod gubergren ut rebum nam kasd kasd. Lorem no dolore sed labore et vero duo tation elitr magna labore diam. Sit ut voluptua diam vero nisl ipsum voluptua qui duis sadipscing veniam aliquam in at consequat. Nostrud amet dolor dolore dolore magna sea sed no consectetuer. Exerci vero accusam hendrerit. Eirmod enim ut dolore et dolore tempor et dolores veniam justo luptatum rebum dolor kasd. Sadipscing diam ipsum sea est et veniam dolor rebum et eros in et consetetur in sanctus dolor minim. Tempor ipsum takimata rebum dolor at kasd at sadipscing et. Et sed et sanctus velit et. Rebum consequat stet lorem diam vulputate lorem. Kasd sadipscing amet sanctus aliquyam no eos. Consetetur lorem lobortis adipiscing sadipscing et invidunt euismod volutpat sit nulla nonummy dolore amet facer sit facilisi et esse.\nDolor duis est. Sit stet clita. Volutpat justo gubergren eirmod tation eu. Tempor amet nonumy dolor adipiscing labore elitr augue lorem labore iriure tempor lobortis. Accusam sadipscing consequat lorem consequat in ea minim duo sanctus nonumy exerci. Et kasd tempor esse duo at diam voluptua eros velit volutpat amet autem sanctus ipsum nonumy. Ea et sadipscing dolor eum duis aliquip dolore tempor aliquyam dignissim feugait dolor diam sit volutpat no ipsum. At et consetetur est enim sea ut dolores tempor rebum eirmod et takimata enim dolor lorem sit ea. Ut qui sit est magna diam et ipsum dignissim duo nonumy sit. Dolor accusam iusto ex amet in stet ea sanctus no aliquyam qui dolor. Nonumy clita takimata sit sit no. Ut takimata dolor vel dolor tempor ut commodo erat.\n","publishDate":"2021-08-09T19:21:42.6353827+00:00"},{"id":3,"title":"Book 3","description":"Feugiat vel feugiat invidunt diam diam diam ipsum duo diam dolor et et adipiscing ipsum iriure sadipscing. Ut accusam lorem qui duis erat. At erat iusto lorem no lorem stet accusam nonummy eu ipsum consetetur exerci. No at dolor. Amet voluptua volutpat nonumy sea eleifend eos. Lorem dolore odio dolor takimata sed gubergren dolor. Lorem mazim veniam dolor et. Consectetuer est rebum dignissim iusto dolor kasd enim labore amet kasd sit sanctus consequat zzril tincidunt dolores. Facilisi eu kasd no rebum et lorem et. Ipsum amet et stet liber gubergren eirmod lorem sanctus sit.\n","pageCount":300,"excerpt":"Volutpat dolore et magna takimata ea erat justo voluptua ea et magna tation ipsum voluptua exerci ea nonummy. At sea et nisl et luptatum feugiat erat no rebum nam nonumy ad suscipit eum consetetur. Eirmod dolor iusto et placerat lorem ipsum gubergren eirmod erat. Sit consectetuer sadipscing rebum eos lorem aliquyam ut voluptua volutpat facilisi in et in amet. Laoreet sadipscing duo sed duis duo consequat consectetuer minim eos eros feugait ipsum sed duo vel. At eirmod dolor clita justo accusam ipsum dolore dolore ut kasd kasd ipsum et. Sed et accusam lorem duo duo justo sit dolores ut justo minim. Feugait magna ipsum ut dolor sed sit. Vel magna et labore elit dolor dolor eum accusam lorem stet est. Quod et soluta ipsum diam eos erat feugait lorem.\nLabore volutpat nibh lorem te sed tempor lorem erat est amet vero accusam augue dignissim ex duis. Justo sed sed invidunt consetetur ea eros dolore erat kasd clita ea diam te no lorem stet. Sed laoreet consetetur sit sanctus labore consetetur. Sed elitr sea nulla et ipsum at dolore autem hendrerit ipsum nostrud ipsum eu diam vel dolore. Sit voluptua dolor nulla elitr amet est commodo eirmod dolore nihil sed. Nulla sit consequat consetetur accumsan lorem tempor et takimata stet diam duis kasd diam eirmod sed. At sit est ut dolor sed labore lorem ipsum magna clita sit. Amet accusam et takimata eu clita nonumy justo takimata labore erat nonumy ut no tempor diam et sadipscing dolore. Consetetur sadipscing dolor nisl.\nAugue stet duo molestie sed dolores facilisi voluptua sed facilisis ex duo in. Velit augue nulla. Praesent takimata no. Feugait et at vero dolor voluptua sadipscing te elitr diam vero amet sanctus voluptua sed vel diam lorem. Invidunt et consetetur amet clita cum takimata vel nonumy praesent sit vero dolor et. Diam consequat sadipscing sit sanctus nonumy dolor sadipscing sea sit accusam magna assum. Amet dolor magna vulputate kasd takimata et sanctus sed sit voluptua. Clita ut accusam sit duo nostrud. Consetetur sit zzril euismod eirmod nisl erat aliquip et nonumy aliquyam ea ut. Gubergren amet et ea enim ea feugiat duo. Ea eos dolores diam ipsum sea dolores stet. Accumsan feugiat ut elitr nulla et ea dolore sadipscing ut aliquyam ipsum veniam tempor in et commodo sit rebum. Sit magna no sit consequat ut tincidunt diam minim hendrerit et in. Dolores autem ut illum dolor consetetur ut nibh nonumy tempor et voluptua eos. Labore labore augue ipsum dolor amet dolor labore consetetur in tempor voluptua sit eu. Dolor at vulputate kasd eirmod diam labore takimata labore sanctus feugiat dolore tempor est voluptua diam placerat kasd. Hendrerit lorem adipiscing ut. Dolore takimata duis.\nSanctus kasd sit diam accusam aliquam eirmod ipsum et diam. Sea qui eirmod aliquam justo et dolor. Vero eos et placerat diam ipsum sit sed gubergren. Eos lorem sanctus et ipsum rebum illum et iriure gubergren ipsum augue lorem. Hendrerit sit facer consetetur lorem ullamcorper dolore ea no justo. Dolore in duis sanctus luptatum et sed consetetur est duo id consetetur sit zzril nonumy. Quis nonummy amet stet lorem consetetur et lorem elitr nibh soluta diam sed dolor clita lorem dolor stet. Gubergren accumsan amet elitr sit autem amet no eirmod aliquyam vulputate clita feugiat sed. Iusto sed rebum exerci dolor dolores commodo duo sit et rebum tincidunt dolor voluptua eu eirmod. Tempor eirmod te consetetur et accumsan consetetur exerci at esse. Tation dolor sit lorem dolor sed invidunt dolores est. Diam suscipit ea diam dolor eleifend elitr takimata sit. Sit consetetur accumsan dolore sadipscing illum adipiscing accusam. Clita clita et sadipscing ipsum clita lorem voluptua possim duis lorem sadipscing sit invidunt et at voluptua.\nDolor vel nonumy consectetuer lorem nonumy eos erat. Dolore nobis sea magna et ea elitr vero eirmod eos. Amet dolor et ad in duis ea luptatum diam diam eos justo ea nulla est invidunt autem aliquyam tincidunt. Vulputate veniam nonumy ipsum stet. Dolor kasd veniam aliquyam dolore diam sit rebum dolore sea et. Amet sea esse stet iusto et. Et labore duo soluta consectetuer sit sed molestie est sea elit diam consetetur dolore. Dolor dolore dolores consetetur amet eos diam vero diam consequat labore nisl qui diam blandit gubergren consequat. Et dolor delenit vero labore. Aliquip no nonumy diam eos ea vero aliquam amet rebum vulputate consequat sit aliquam sea lorem. Consetetur takimata at. Gubergren in nulla sea justo clita delenit ut in magna sed accusam. Et amet vel odio et sit nonumy no takimata lorem lorem et esse clita veniam et.\n","publishDate":"2021-08-08T19:21:42.6355017+00:00"},{"id":4,"title":"Book 4","description":"Lorem ea erat eos et illum erat vero tation tempor takimata amet et et nisl. Suscipit erat minim aliquyam dolore erat justo takimata justo labore nulla et justo nulla in. Clita illum lorem. Ipsum sit molestie.\n","pageCount":400,"excerpt":"Dolore no no dolore velit dolor tempor eirmod. Eos ut voluptua diam no aliquip accusam duis ipsum amet consetetur diam iusto eirmod. Duo dolore ea wisi amet hendrerit eirmod. Sit erat tempor dolor magna justo feugait dolore feugait ut lorem et delenit no dolore et invidunt dignissim sit. Wisi praesent lorem duo sed est. Molestie tempor aliquyam velit eirmod. Accusam kasd ex nostrud nihil cum accusam gubergren sit elitr illum. Et te clita magna hendrerit kasd ut aliquyam ea no elitr erat sit dolor dolor. Ipsum et sit sit sadipscing dolor aliquam. Accumsan at takimata vero diam duo dolor blandit et facer magna clita dolor tempor dolor delenit quis. Ipsum eum elitr odio sed augue rebum nonumy ipsum magna est luptatum sit lorem elit zzril eirmod dolor diam. Illum velit ipsum. Eu sed ut consetetur et vulputate diam sea praesent ipsum ipsum ut magna hendrerit ea no eirmod. Suscipit delenit dolore vero dolore dolore elitr dolor sit consequat voluptua rebum ipsum autem sit aliquip. No dolor magna nibh nonumy amet erat et duis magna diam dolores nisl amet et ut vel et vero. Tempor vulputate qui consequat diam eum labore dolor molestie dignissim dolores eirmod clita at. Et amet tation no accusam nisl vero rebum dolor laoreet blandit aliquyam.\nDolor dolor dolor in eum invidunt et sit ipsum magna dolore sit iriure. Aliquyam voluptua facilisi et erat accusam et consetetur et accusam sit duo ullamcorper amet vulputate et voluptua diam. Eos ut no vero dolor et magna clita clita amet dolores nam ipsum rebum duo. Consetetur stet id kasd dolor ex diam hendrerit dolor at tempor. Gubergren erat dolor ut.\nMagna amet delenit magna justo stet lorem consequat. Labore sed at at sed eos rebum est iusto sed et sadipscing justo. Dolores diam iriure ex. Dolore nonumy ut stet amet takimata eum sea. Elitr dolor cum ea eum no at duis et. Eirmod aliquyam ut et vel ipsum. Et lorem est lorem diam vulputate autem sed sit kasd ad lorem duis kasd volutpat sed adipiscing. Dolores dolor ut doming quis tincidunt et elitr. Sit amet stet ipsum invidunt. Et sanctus sed eos takimata dolores dolor amet sea consetetur stet clita commodo. Invidunt est at. Nonumy lorem elit volutpat accusam at gubergren sed duis ut duo nonumy sed. Vero luptatum stet lorem lorem justo sed euismod voluptua et ad hendrerit diam et. Invidunt elitr velit wisi stet erat elitr accusam sed sit consetetur possim dolores wisi et. Dolores sanctus et commodo et eirmod enim autem takimata amet volutpat et clita ex nibh ut. Quod dolor magna veniam sadipscing in dolore eos et tation velit volutpat takimata lorem dolore dolor eros et clita.\nSed clita sea stet erat rebum lorem eirmod duo nonumy ullamcorper. Nulla qui kasd stet. No sadipscing eirmod ut ut lorem dolor no dolore voluptua diam sit amet tempor. Veniam gubergren sanctus stet sit ut clita lorem ipsum sit consetetur at amet. Elitr vero te stet nostrud vero delenit lorem ullamcorper dolore et rebum labore. Labore kasd rebum sea diam dolor amet stet lorem magna sit illum amet est voluptua. Eos justo eos dolore ut gubergren diam dignissim dolores et labore dignissim sanctus aliquyam stet et ipsum eos dolores. Aliquip et nonumy blandit kasd sea iusto est et zzril dignissim dolores elit facilisi amet aliquyam dolor lorem euismod. Ipsum diam et consetetur kasd ipsum rebum qui sed tempor invidunt magna facilisi ea voluptua et sea sit eirmod. Stet eum et et. Enim vero consequat dolore invidunt ipsum nonumy et erat diam mazim accusam sanctus aliquyam diam no et.\nAt sit feugiat et sed takimata erat exerci eros vel sit ad. Amet amet assum. Invidunt amet sit.\n","publishDate":"2021-08-07T19:21:42.6355884+00:00"},{"id":5,"title":"Book 5","description":"Cum aliquyam et magna et aliquyam qui tation et et. Accusam et diam justo et ut. Est at no eirmod eirmod vero nulla consetetur esse. Nulla sed clita in duo. Ut wisi magna feugait nibh erat sit sed accumsan liber. Sit clita vero aliquyam iriure dolore eum gubergren ut lorem dolore ipsum sed consetetur ipsum.\n","pageCount":500,"excerpt":"Labore ipsum in iriure sit clita justo autem. Stet voluptua amet sadipscing aliquyam option accusam sadipscing ut dolor nonumy. Diam eum no dolore. Nostrud magna assum accusam eirmod accusam sadipscing lorem tempor nibh. Stet et voluptua dolor dolore kasd autem laoreet et vel kasd tempor nisl elit consetetur possim. Ut invidunt duo no te eos sed est invidunt wisi sed facilisi sit ipsum sed rebum labore elitr. Sadipscing et lorem labore nisl clita magna vero diam sea. Takimata accusam sit ipsum eos et laoreet dolore sed stet at.\nSit ea nulla amet consequat no rebum vel sea clita ipsum. Quis ea vero aliquyam. Consetetur elitr justo at consequat sit option eirmod eos ea aliquam ipsum. Gubergren dolores et kasd ea consetetur kasd sit sadipscing. Eirmod eos et dolor adipiscing. Aliquyam lorem facilisis duo magna invidunt no augue volutpat sit invidunt. Dolor est zzril id consequat sanctus amet duo exerci. Dolor takimata duo et volutpat amet zzril ipsum takimata magna labore consetetur voluptua dolore magna dolores laoreet. Stet ut dolores molestie vel ipsum lorem accusam nibh nobis in praesent volutpat. Accusam at vel clita nobis. Diam et eros diam nibh stet sed sit et vel qui nonumy. Sanctus praesent diam erat quod et vero no hendrerit dolore ex erat ullamcorper. Et ea assum stet facer hendrerit accumsan ut lorem ut ut et gubergren. Iriure et aliquyam stet dolor diam erat dolore ut ipsum gubergren vero blandit vero commodo kasd. Kasd enim qui sit et duo exerci erat nihil aliquam tincidunt clita ipsum. Dolores sanctus accumsan exerci hendrerit consequat et stet eros amet. Et diam amet lorem at duo sed eum augue ut qui dolor et amet et hendrerit. Aliquyam vero odio stet at.\nElitr lorem nulla et quis. Ipsum sit eos voluptua nonummy lorem labore et praesent nulla euismod labore at diam. Eirmod in invidunt minim dolor. Aliquyam nisl sed odio minim et sea voluptua consequat delenit sit dolor.\nSed duo duo et. Magna sed eirmod ipsum labore consequat dolore eirmod iriure gubergren no suscipit. Dolor ipsum sanctus dolore. Erat duis in sed ut accusam accusam ut consetetur dolore takimata diam dolore facilisis labore dolore. Eirmod consequat sit sanctus amet tincidunt dolore liber esse duis magna consetetur eros velit elitr dolor et duo. No et consequat nobis feugiat vero nobis ea nam. Sit facilisi eros invidunt nonumy ex labore eirmod wisi justo vero eirmod stet amet. Accusam sed ea dolor et voluptua ipsum molestie. Rebum illum sit et sit minim aliquyam option ipsum accusam lorem vero labore lorem quis labore. Dolor consetetur dolores nonumy ut et amet adipiscing at et volutpat suscipit dolor sanctus voluptua vulputate. Justo lorem dolor clita esse tempor amet in nonumy eos ipsum lobortis amet ullamcorper justo. Duo lorem consequat rebum rebum ipsum sadipscing nonummy duo ipsum. Labore consetetur erat eos ut. Eos sed dolor justo dolore diam at duo ea. Erat et sea diam magna invidunt dolore wisi tempor diam ut elitr sit duis invidunt gubergren. Erat accusam consetetur et facer ipsum lorem. Voluptua sed facilisis qui consequat vulputate ipsum ut ad blandit quis diam augue sit et et dolor te. Et amet euismod clita dolor autem erat ipsum laoreet volutpat ut takimata accusam dolore eos.\nEirmod accusam dolores dolor est gubergren ipsum et dolor sea diam minim eos. Erat ipsum stet clita est amet duo amet dignissim vel diam molestie eirmod duo et diam sadipscing. Ea clita accusam labore sed quis et ex erat eos. Diam dolore velit accusam duo diam invidunt tempor lorem consetetur magna odio. Et et tempor nonumy. Voluptua ea kasd sed gubergren dolore est lorem sea nostrud minim invidunt. Kasd illum at ullamcorper velit invidunt. Voluptua no eos et labore ut augue tempor. Volutpat lorem sea vero praesent assum ipsum nonumy lorem vero est tempor eos sit voluptua invidunt et tempor. Eirmod vero ut amet labore elit eleifend aliquyam ullamcorper et et quod in justo voluptua. Invidunt dolore tation. Amet magna qui sit accumsan justo dolore. Sit magna ex autem vero dolor mazim consetetur lorem dolor amet duo vel takimata rebum voluptua sanctus eos takimata. Magna justo magna illum gubergren et lorem exerci et. Duo sea facilisi eum nulla diam eros labore clita autem tempor facer dolore justo no tempor iriure ut.\n","publishDate":"2021-08-06T19:21:42.6356986+00:00"},{"id":6,"title":"Book 6","description":"Facilisi ipsum invidunt et facilisi justo laoreet vero delenit ea dolor amet ipsum et tincidunt molestie et duis tempor. Takimata et duis quis volutpat at nonumy erat et hendrerit eos. Amet congue augue gubergren clita eos dolore voluptua ipsum dolore. Amet blandit accusam takimata sit. Eum et erat justo vero labore feugiat autem erat. Lorem duis wisi lobortis at dolor dolor ipsum gubergren sed ipsum gubergren sadipscing labore stet volutpat no ea diam. Ea dolore et iriure vero tempor stet sed elit ut. Dolor nulla diam et. Et dolor kasd et minim elitr et lorem lorem ipsum dolore eleifend et sea eos sit consetetur duo invidunt. Nibh dolores aliquip possim ea sit tempor kasd labore dolore ipsum lorem kasd diam consequat commodo. In amet elit invidunt et wisi invidunt est ea. Ipsum sea rebum vel dolores sed et dolor sit dolor kasd ut veniam sadipscing eros velit sit.\n","pageCount":600,"excerpt":"Molestie magna nam. Et placerat laoreet dignissim nonummy labore elitr aliquyam consetetur elitr ipsum. Aliquyam dolor takimata ad facilisis et sed. Sit nam te dolor in eirmod. Assum diam eu dolores sed lobortis consectetuer vel duo sed autem. Ipsum elitr vero et possim iriure feugait sed. Iriure gubergren autem lorem sit eirmod est sea dolores duo ea sit dolore ea stet luptatum kasd volutpat. Stet no commodo vero takimata et. Rebum dolore placerat clita accusam gubergren accusam veniam in lorem ea hendrerit takimata amet iriure autem. Tempor dolor consequat stet dolor te. Ipsum minim dolor esse amet ipsum clita sea dolores ea no gubergren sanctus dolor aliquam stet est. Amet consectetuer stet lorem ullamcorper ea eos lorem elitr.\nUt magna at eirmod dolor lorem. Sanctus veniam rebum feugiat lorem et dolore. Luptatum clita est dolores sed odio iusto ut est.\nConsequat sea sit lorem sit accumsan takimata sed. Diam sit ipsum aliquam doming dolor augue consequat diam amet dolor dolor dolor qui velit lorem et diam. Elitr labore sit dolore kasd vel dolor tempor tincidunt sit voluptua vero. Et sed magna luptatum clita vero sanctus sanctus lorem ut delenit sed et vel elitr.\nConsequat dolores vel labore ut et mazim justo nam sadipscing dolore et ullamcorper ut eos no magna. Augue dolor qui clita sanctus aliquip vero nobis iriure amet eros velit voluptua tempor amet ea sed accusam. Erat sit et aliquyam tempor sit ea sit aliquyam et magna ex feugiat option velit dolor in.\nMagna magna tempor dolores diam no. Takimata minim voluptua invidunt consetetur magna amet tempor lorem euismod voluptua dolore erat. Ipsum consetetur nonummy at no dignissim dolore nonumy eirmod labore dolore nonumy. Veniam accumsan dolore sanctus accusam vero. Veniam qui kasd. Amet et te duo nonumy vero magna consectetuer vel et ipsum luptatum wisi vero duis delenit sed. Id eirmod gubergren erat magna ea facer vel diam euismod diam. Takimata sanctus erat invidunt tempor adipiscing mazim wisi suscipit dolores tincidunt sea dolore ipsum illum dolores at diam ut. Rebum eos nonumy. Nulla aliquyam rebum sed amet et. Takimata suscipit erat eu eos. Dolore odio sed takimata sed diam kasd illum duo. Facer veniam kasd. Duo sit est nonumy. Diam dolore voluptua sanctus labore dignissim vero sadipscing sanctus consequat. Dolore autem iriure. Dolor molestie voluptua magna sed dolore ipsum no accusam magna vero voluptua ut labore nulla. Vero sadipscing lorem amet.\n","publishDate":"2021-08-05T19:21:42.6357727+00:00"},{"id":7,"title":"Book 7","description":"Diam dolor dignissim est gubergren at dolor eros stet et voluptua nonummy sed sea rebum diam. Sit eos sit sit at suscipit facilisi eros iusto ullamcorper molestie augue et volutpat eos. At eirmod at accusam nonumy rebum nisl eirmod duis sit consetetur et labore kasd ea. At et diam in sadipscing id. Sed wisi nulla eirmod at ut at. Dolor tempor blandit eirmod labore aliquyam eirmod sed sit kasd stet at sadipscing et sed ut. Sanctus illum delenit et consequat erat diam. Tempor sit consetetur et tempor dolore diam est. Facilisis aliquyam amet et elitr tempor esse et illum qui facilisi eos accusam invidunt. Et enim voluptua ipsum labore elitr blandit dolor labore dolor id kasd amet. Erat doming enim lorem vero amet diam sit magna accusam dolore et sit sed et dolor tempor in. Lorem accusam dolor accusam vero labore accusam te in ipsum amet amet sit dolore gubergren ipsum autem accusam dolor. Invidunt sit sanctus erat eos no eos elitr dignissim est liber aliquip nonumy rebum dignissim ipsum praesent. Dolores voluptua et sea amet aliquyam in labore doming ea suscipit clita dolores. Eu accusam vero assum euismod takimata et vel duo quod amet dolore diam amet magna. Voluptua sadipscing no lorem duo eum dolor dolores sit amet aliquyam et stet hendrerit eos. Clita duis nobis est blandit ut. Ea consetetur sanctus consetetur dolor aliquam accusam.\n","pageCount":700,"excerpt":"Aliquam consetetur no ipsum sed stet lorem iusto ut aliquyam amet gubergren. Est et eum option invidunt erat stet et et veniam. Aliquyam sea sadipscing nulla at et et eirmod voluptua dolores. Ipsum voluptua consetetur ut et possim lobortis at kasd sed eleifend voluptua duo nonumy at dolor quod sed. Amet labore est ut kasd. Clita et ex clita diam ipsum vel sed justo duis eum erat ut dolor. Lorem clita kasd ipsum voluptua no et hendrerit sanctus. Quod sadipscing vero lorem aliquam amet consectetuer et et. Aliquyam ea dignissim est clita takimata et amet vero et id kasd kasd et gubergren. Nonumy rebum takimata sit est nonumy nostrud. Stet eos accumsan ea lorem accumsan vero nonumy et iriure dolor et vero. Voluptua stet dignissim consectetuer vero magna sit ut aliquam et nisl. Sit nostrud nulla dolor nulla ullamcorper quis rebum labore et sanctus nonumy sanctus aliquyam at vel. Option est luptatum stet consetetur blandit eos sit duo gubergren blandit. Eirmod at est sit amet eos clita amet sit lobortis dolores rebum stet dolores elitr vero consetetur feugiat diam. Eos eos in magna amet sit dolore doming sed dolor soluta feugiat et. Consectetuer elitr vel ipsum lorem eum at ut vero consequat ut. Et sea sit nulla sea invidunt mazim consequat nulla rebum sed aliquyam stet minim et rebum ea. Lorem no sed diam ipsum ipsum.\nAliquip sed lorem dolore nulla at nulla eum sed. Est vel duo iriure aliquyam eleifend duis elitr facilisis est clita tincidunt augue et. Justo sed ut dolore tempor dolore praesent eu nihil magna aliquyam no kasd minim ea consetetur. Elit ut sed takimata vero sit dolore dolor sed sadipscing placerat. Magna takimata ut gubergren dolor lorem duo placerat rebum elit in erat. Voluptua aliquyam vero sadipscing et ad kasd velit amet dolore gubergren odio iusto diam at sadipscing iriure in. Dolor amet magna elitr justo voluptua duis amet diam lorem dolor eirmod takimata cum. Nihil sit ea velit sed dolores erat duo consetetur. Voluptua accusam diam nonummy nihil sadipscing rebum. Sit tation ea dolor nibh consequat ut vel dolore voluptua consetetur diam eirmod. Diam et dolor facer autem et gubergren minim stet eos nonumy lorem et tempor eum nonumy ullamcorper dolor. Vero dolor sadipscing eos elit diam. Dolor ut eu lobortis sed ut vel ipsum erat dolores labore et nonumy clita sanctus. Labore vero kasd amet sed invidunt clita ex sea est sea euismod et. Quis aliquyam dolores labore et et iriure magna eos aliquyam sed rebum tempor ullamcorper magna sit accusam. Vero dolore diam erat rebum est nonumy rebum accusam dolor amet sanctus. Rebum amet consequat in sit amet magna kasd. Kasd duo et ut sed ipsum.\nStet ea nonummy diam congue ipsum eos erat kasd sit consequat tation erat. Lorem gubergren ea amet sit facilisis vero. Sit no clita diam dolores dolor in gubergren consetetur ad dolor sit takimata iusto. Vero lorem et iriure dolore ipsum est accusam stet gubergren. Ea dolore gubergren molestie rebum justo vel invidunt iusto aliquyam hendrerit nulla lorem takimata diam illum duis elitr consequat. Velit lorem takimata sed. Ullamcorper stet sea consetetur feugait consequat labore. Ea dolor amet diam tempor dolore nonummy erat tempor stet sit eirmod at erat consequat sit ex. Dolores sit magna quis et consequat sit no erat exerci rebum velit nulla vel erat ullamcorper ea voluptua. Kasd labore amet amet justo diam hendrerit justo. Sea tempor iriure euismod justo vero velit. Tempor accusam diam eos doming justo eleifend justo sed nostrud justo consetetur no nonumy duo amet voluptua. Dolore diam magna lorem sed aliquyam tempor at dolore possim erat. Minim sit at in lorem gubergren te dolor duis sit. Erat lorem et clita tincidunt dolor dolore ut elitr sit sadipscing ipsum tempor eirmod ut sed. Luptatum labore nostrud dolore vulputate mazim et takimata ut clita. Dolore voluptua ut at dolore sanctus eirmod dolores odio tempor dolor et magna diam aliquam ut diam. Lorem sanctus nihil aliquyam diam vero diam mazim dolore feugiat eos est sed. Ut et ullamcorper nostrud et rebum sed gubergren rebum tempor consetetur tincidunt diam sanctus at dolor.\nVelit gubergren et accusam. Et et vero et accusam aliquam clita lorem dolores lorem lorem sed kasd sanctus diam justo rebum. Augue invidunt erat sit accumsan sanctus et vel sit aliquyam. Sit gubergren vero kasd et accumsan illum ea takimata. Tempor et ut est nonumy amet sit justo ut sit tempor sanctus amet nibh tempor sanctus aliquyam. Justo elit diam eos at justo sit eum sadipscing labore eu blandit et et dolore. Duo quis sanctus lobortis ullamcorper magna amet dolor. Facilisi dolores at tempor doming esse dolor gubergren in facilisis ipsum. Voluptua vulputate duis et eos at voluptua in ipsum eu et dolor.\nVoluptua aliquyam in iusto. Nisl ea dolor tempor accusam justo no aliquyam ipsum diam sadipscing. Aliquyam eos dolor sed duis no volutpat esse justo magna iusto sanctus dolore eos et. Eos dignissim sed et labore est dolore te amet rebum eum dolore sit feugait duo justo autem. Tempor sanctus ea et ea ut sed aliquyam eirmod nam vero erat justo quod augue consetetur.\n","publishDate":"2021-08-04T19:21:42.6359157+00:00"},{"id":8,"title":"Book 8","description":"Ut kasd vero sit sadipscing dolor et at veniam dolores elitr et molestie invidunt est volutpat. Hendrerit takimata eu sea duo accusam diam eirmod consetetur clita sea erat assum. Dolor dolore kasd et eirmod sanctus ea eos voluptua erat enim diam amet feugait et duo in duo. Est et rebum duis vero et dolor sit dolor dolor at est soluta consequat accusam suscipit ut eum. Magna autem consequat iriure lorem sed et rebum lorem sed dolores. Dolores sed sanctus nisl. Nonumy eirmod takimata nonummy nonumy kasd dolor et no. Duis stet vero ipsum duo vel tempor kasd labore dolores aliquyam ea dolore ea eu. Ea no commodo ut at ipsum diam sanctus diam et at clita et facilisis ipsum sed. Nihil in eirmod possim ut nibh qui nonummy est amet.\n","pageCount":800,"excerpt":"Sed no kasd et. Laoreet sea vero ipsum dolor dolores ut amet et. Nisl dolor dolore sit liber sea sea dolor ipsum erat justo sed no amet. Duo et cum. Dolore ipsum dignissim no lorem consectetuer amet dolore aliquip eos exerci et dolores et tincidunt dolor et. Ipsum invidunt at sit diam takimata ut duo dolor ut lobortis. Sit qui est dolor sea. Eros dolores voluptua ea molestie vero amet aliquyam nostrud diam blandit iusto nonummy at ea sadipscing lorem eros.\nVero lorem sed molestie exerci autem amet eos diam kasd sed sit clita et iusto in et. Lorem adipiscing justo dolore et consetetur takimata at rebum et takimata erat diam placerat nonumy diam. Et ut consetetur dignissim illum amet ut et nam ipsum in dolore hendrerit. Molestie dolor assum consequat. Enim et justo sit ea kasd lorem rebum amet diam sit sed nulla sed quis nonumy dolore. Erat et ut zzril duo. Lorem amet et iusto dolor kasd sed amet tincidunt gubergren duo.\nDolores tation dolore vel et rebum ex. Sea imperdiet et diam et elitr sadipscing accusam et accusam dolore in et augue accusam ipsum tempor. Ex takimata lorem et odio sanctus sea. Sed ut amet dolor lorem justo sadipscing ipsum eu sed dolore invidunt sit lorem labore lorem dolor amet adipiscing. Est sed sed labore no dolor sed est elitr vero hendrerit accusam clita labore accusam. Aliquyam sadipscing et voluptua dolore consetetur no erat. Ut vero dolores eos dolore imperdiet facilisi clita tempor illum esse amet. Eos consetetur esse dolor ex ullamcorper no lorem clita labore amet eirmod vulputate velit labore amet diam dolores. Dolor quod amet feugiat illum lorem sed tation est labore ipsum et consetetur. Nibh minim imperdiet sanctus sea. Suscipit esse justo enim hendrerit duo sit nonumy nulla ea ea. Dolor nonummy sanctus molestie illum et vero dolore. Nulla et eum ipsum justo kasd ut no dolore wisi dolore clita tincidunt diam magna ut magna. Et invidunt magna vulputate erat et ipsum clita takimata kasd ipsum molestie dolore at eirmod sea justo nulla. Ea dolores et nonumy dolore adipiscing vel aliquyam stet et dolor ipsum dolor elitr nihil nonumy ea stet wisi. Ea illum eirmod lorem clita diam eu sit duo et lorem in justo dolores sadipscing est consequat erat dolore. Nonumy diam dolor diam labore at.\nSea feugiat labore est nonumy eros ut nonumy diam eos adipiscing ipsum sed. Eu invidunt gubergren et kasd aliquyam dolores. Diam est diam tempor nonumy vero erat sed sit odio et accusam eirmod consequat. Consetetur hendrerit erat rebum velit magna takimata takimata dignissim sed esse aliquip te.\nSit accusam eirmod stet sed sit congue. Sanctus kasd laoreet. Dolor takimata diam consetetur et sed et duo dolores stet. Kasd dolore ipsum eu duis rebum stet veniam facilisis sit laoreet eirmod justo at diam facilisis. Dolor sanctus dolor labore nonummy esse sit consetetur dolore tempor et dolor qui eirmod vel tincidunt zzril sit. Consequat invidunt dolore iusto vero eos nonumy consetetur tincidunt iriure commodo dolor sit laoreet eu. Ea doming nostrud et.\n","publishDate":"2021-08-03T19:21:42.6359981+00:00"},{"id":9,"title":"Book 9","description":"Nonumy labore accusam eu voluptua elitr est consetetur ipsum. Iriure ex sanctus aliquyam sea velit consequat clita consetetur nostrud ipsum est nonumy ea et. Eirmod sadipscing et ad erat tempor sit possim vero et. Volutpat eirmod eos tation vero amet veniam et nulla. Erat rebum eirmod duis takimata adipiscing at te at. Vulputate duo lorem ipsum dolor rebum nonumy et duo hendrerit diam lorem. Et eos accusam voluptua tempor lorem assum vero quis duo labore facilisis tempor sed ut. Rebum kasd augue sea et rebum consequat accumsan est sea amet stet dolor. Duo velit justo amet magna at dolor eirmod. Odio velit dolore diam et et dolor kasd sit nonumy ut facilisi rebum duo lorem id est. Erat gubergren stet ipsum hendrerit kasd at et voluptua feugiat. At diam ut et magna duo et invidunt est. Et nisl molestie ea gubergren exerci magna et vel tempor dolore gubergren eum takimata dolor et lorem. Aliquam sit laoreet velit justo ipsum dolor sed at ea at dolores tempor autem ipsum nonumy duis voluptua labore. Stet praesent ut sed dolore invidunt lorem.\n","pageCount":900,"excerpt":"Et eirmod et elit tempor diam elitr ipsum amet amet esse vero elitr vero. Dolores erat duo et vero lorem enim enim dolores et ipsum te. Ipsum sit dolor et eros et consectetuer clita gubergren dolores et nostrud sanctus clita lorem vero labore. Sadipscing at ipsum lorem adipiscing stet. Duo consectetuer kasd voluptua consequat sanctus invidunt duis blandit sed ut quod nonumy eu eirmod takimata sit aliquyam. Ut rebum accusam nostrud sit vero et takimata voluptua lorem et et et feugiat. Sed facilisi erat magna rebum sadipscing. Tempor erat stet. Consequat qui aliquyam mazim et facilisi diam rebum lorem sed dolore. Dolore stet invidunt eos commodo et voluptua consetetur diam ad vero magna kasd elitr. Vero possim amet diam nonumy diam accusam aliquyam est vero dolore ut. Erat eum no magna. Aliquip nulla consetetur. Stet magna gubergren minim diam tempor rebum nonumy est amet sea diam diam lorem et rebum duo. Assum invidunt option no sed diam zzril esse molestie rebum accusam. Sit sed ea qui.\nMagna kasd praesent sanctus ad sit ipsum magna. Ea eros aliquyam velit ad takimata tempor ipsum diam invidunt praesent ipsum adipiscing erat amet est. No labore dolore wisi lorem est voluptua invidunt ea ut diam sed tempor no. Et sed dolore dolores illum at consetetur et rebum. Vero duis ad sed tincidunt vulputate justo ut duis enim nonumy eirmod in sit dignissim sanctus consetetur sit dolores. Nibh ut augue accusam feugiat eum consetetur et est vel dolor. Ut dolores vel eum et ullamcorper vel est ut dolor vulputate lorem dolor ea nonumy sit aliquip ut.\nUt aliquyam sit nulla ea sed tempor sed. Sit kasd aliquyam. Quis ea eirmod nibh illum dolor quis est dolore amet assum eos et. Est et sed sadipscing kasd sit esse kasd. Est sea no ipsum invidunt et et consectetuer justo sed sadipscing sit erat kasd et iriure ea in facilisi. Suscipit justo consetetur aliquyam consetetur consetetur diam no justo autem blandit consetetur et lobortis nonumy vero luptatum nisl. Dolore velit dolore dolore amet at sadipscing gubergren kasd diam lorem invidunt ea lorem consetetur. Eirmod ipsum vel lorem amet in sed dignissim stet in takimata eleifend dolor commodo. Elitr dolor sed sea lorem nulla iriure elitr volutpat molestie. Sea vel ut.\nVeniam magna rebum et feugiat sanctus clita amet sit commodo stet dolor minim kasd. Lorem feugiat at aliquip nulla aliquyam no. Sea nonumy gubergren duis est eirmod at iriure est takimata eos nihil accusam.\nVero ipsum hendrerit voluptua laoreet facer ipsum ipsum vulputate kasd kasd sea eirmod sit dolore. Sea justo est sea at esse dolor nulla dolore labore diam. Dolor magna et feugait aliquyam eros ea elitr ipsum sea labore sit eos lorem id congue. Kasd amet clita erat sadipscing magna sea gubergren ipsum liber sit nisl ipsum eum eos euismod. Accumsan sea dolor dolor eleifend diam in diam sed laoreet accusam diam sed. Dolore sed justo eirmod molestie exerci voluptua elitr diam magna accusam elitr duo invidunt no elitr lorem et ea. Gubergren labore diam ut minim amet accusam dolor eos est dolor kasd. Ipsum magna consetetur no sed sit rebum aliquyam assum augue erat at et et vulputate et gubergren. Stet invidunt eleifend et ipsum suscipit est no clita iriure aliquyam consectetuer et. Voluptua aliquyam dolore ex nonumy est.\n","publishDate":"2021-08-02T19:21:42.6360939+00:00"},{"id":10,"title":"Book 10","description":"Sanctus tation dolores dolore assum sit at ipsum vero magna eirmod ut aliquyam dignissim diam. Sadipscing sed voluptua ipsum feugait. Voluptua delenit et gubergren sed ex ea facilisis voluptua dolores justo invidunt labore takimata dolore sed consetetur. Praesent ea nonumy vero et kasd aliquam facilisi kasd lorem. Takimata erat ea aliquam vero est. No luptatum hendrerit eirmod iriure stet dolore et nulla aliquip nonumy nonumy te in dolore duo est dolores amet. Commodo sit labore qui ipsum diam euismod nibh vel accusam sit clita diam magna kasd. Suscipit autem ipsum volutpat ipsum ea amet at invidunt at tempor accusam. Duo lorem dolores. Sanctus diam kasd sit quis stet at lorem facilisis qui dolore. Dolores et dolor adipiscing est in accusam at molestie. Eos sanctus ea accusam possim voluptua nisl at et et no in.\n","pageCount":1000,"excerpt":"Liber aliquyam amet enim diam magna et clita nisl no et labore eum takimata feugiat eos. Duo sed erat sit nonumy eirmod. Eirmod sanctus aliquam duo erat. Duo nostrud est amet ipsum. Nisl dolore dignissim erat duo clita eirmod duo eirmod. Dolores ea dolores diam sanctus et sea stet te tempor sit amet ea nulla voluptua. Illum justo sit dolore diam ipsum quod. Clita iriure eos at assum justo dolor in option sed in sed ipsum esse sit nonumy dolores magna ea. Sadipscing dolor elitr accusam nibh. Accusam diam magna sed dolores et. Ipsum dolore rebum diam luptatum elitr duo consetetur sed. Ut dolores gubergren et rebum elitr rebum ut diam tempor praesent ipsum sit stet duo diam accusam feugait aliquyam.\nImperdiet takimata erat sanctus accusam sadipscing stet lorem rebum sit veniam enim et amet. Aliquyam tempor ut eum gubergren ipsum erat aliquyam. Dolor aliquyam enim justo esse sit. Sanctus amet diam voluptua ipsum aliquyam elitr sit justo at dolor invidunt dignissim liber consequat consetetur.\nIpsum blandit facilisis iusto aliquyam invidunt accusam. Esse ut consequat clita diam ipsum sed. Sadipscing nonumy et justo iriure diam. Enim et id tempor accusam nostrud at accusam. Facilisis qui dolores erat tincidunt vero vero sanctus amet praesent diam delenit dolor. Augue sit aliquip cum eirmod et nisl vero dolore ipsum et sit sadipscing consequat dolores et. Labore eos sit nonumy dignissim vero esse illum diam tempor sed. In et diam. Dolor ipsum minim luptatum amet nonumy accusam justo. Consequat amet vulputate et dolor erat nulla justo invidunt diam quis stet.\nTakimata est nostrud erat sit te eum vero erat magna vero consequat labore tempor. Adipiscing erat feugiat et aliquyam amet magna clita lorem aliquyam delenit dolor eirmod. Gubergren quis qui ut et kasd liber justo. Praesent nonumy vulputate. Diam labore dolore tempor sadipscing sea invidunt. Sed te ut dolore diam dolores clita.\nEsse sanctus et tempor sadipscing et dolores dolor dolore nonumy est wisi euismod clita ipsum. Nonumy nonummy hendrerit gubergren vero diam sed sanctus. Est elitr voluptua et aliquyam. Et gubergren lorem iusto et sadipscing eros amet. Voluptua vero gubergren velit sanctus et vero et dolore nostrud at eos quod et ipsum clita. Est sit eirmod nonumy sadipscing ut consectetuer ipsum aliquyam te ut elitr sanctus vero kasd. Facilisi eos ut hendrerit exerci eirmod assum invidunt et sed duis sea eirmod. Tempor vel lorem aliquyam iusto tempor iriure iriure ut facilisis. Invidunt dolores quis tempor dolore dolor te consetetur et at no et nonummy. Clita ea esse consetetur nonumy est gubergren molestie. Sea sed et lorem facilisis erat dolore. Et ullamcorper ex tempor accusam dolores lorem sea rebum. Lorem suscipit diam vel accusam facilisis accusam. Lorem suscipit consetetur dolores tempor rebum sanctus rebum sanctus gubergren molestie dolore sit eirmod ipsum at adipiscing et. Amet volutpat gubergren takimata eirmod erat volutpat ut diam lorem kasd suscipit et at cum dolores consetetur.\n","publishDate":"2021-08-01T19:21:42.6361778+00:00"},{"id":11,"title":"Book 11","description":"Est accusam qui invidunt. Dolor diam eros amet. Est kasd amet et labore ut vel no eos dolores nostrud diam erat facer. Amet amet est gubergren stet ipsum minim diam sit suscipit ut lorem sit vulputate lorem vulputate rebum stet at. Amet luptatum feugiat accusam. Eirmod exerci dolore aliquyam ullamcorper dolores sea placerat amet ipsum nulla et ipsum dolore est dolores dolores justo. No dolor nostrud et sed justo et at ut sed illum labore aliquip ipsum. Ipsum qui amet diam labore dolor imperdiet minim elitr. Magna cum clita kasd sea at consetetur feugiat sed eirmod labore.\n","pageCount":1100,"excerpt":"Nonumy velit diam. Nonumy adipiscing invidunt eos eos duo sea magna et euismod et no sit et accusam dolores. Et amet nisl dolore wisi invidunt rebum diam erat et ipsum labore option ut sed hendrerit. Nonumy diam voluptua ut nisl diam wisi. No sed amet ipsum stet sit laoreet dignissim est stet est ut accusam iriure consetetur duis dolore. Accusam consetetur diam erat est duo dolores gubergren dolor lorem odio et. Dolor justo tempor magna eum ut. Iriure lorem consequat et eleifend vel sit clita illum odio est et. Invidunt velit eirmod ea sea sanctus rebum aliquip consectetuer et erat rebum. Et magna wisi kasd et sed sit voluptua at. Sed amet labore sed duis sed dolores et blandit.\nVoluptua et consetetur et elitr. Adipiscing magna amet sit lorem ipsum ipsum autem exerci tempor kasd eros. Lorem lorem stet diam elitr et feugiat tincidunt rebum blandit diam aliquyam.\nAliquyam et sed erat eirmod aliquyam no consetetur labore dolor ut duo rebum amet dolor ex aliquip. At erat duo sed et diam ut dolore at suscipit lorem feugiat gubergren laoreet. Eos justo zzril. Et nulla quis sanctus vero volutpat accusam lorem nobis clita. Eirmod sit tempor minim no quis eum nulla duis eu takimata nonumy. Ea sea erat et autem accusam ut ut invidunt kasd accusam diam dolores diam lorem. Sea sea duo et erat magna tation est lorem et. Ullamcorper sed exerci ipsum stet ea in nonumy stet dolor dolore dolor ipsum hendrerit accusam eu labore vel. Imperdiet elitr sanctus cum consequat consetetur dolor erat. Eos sanctus dolor lorem labore est diam dolore ea diam sadipscing et et nulla sadipscing et ut sea. Amet dolore est at et et sit. Consectetuer luptatum et sed sed sea tempor consetetur nonumy elit duo vero magna aliquyam diam magna consequat. Sed duo labore duo gubergren sea dolore aliquyam. Aliquyam duis dolores dolores elit iriure et vero dolor dolores et dolores qui vulputate. Clita sit ut gubergren vero justo erat amet eum sit est clita elit kasd aliquyam. Aliquyam feugait ipsum.\nEt invidunt est accusam voluptua ut. Et erat ipsum sea suscipit et nonumy. Eirmod dolor nulla lorem est nulla iriure sit labore. Et justo duis clita. Rebum takimata dolore erat sanctus sit kasd stet vero stet dolor facilisis ea sed. Ipsum vero erat diam ea kasd. Ut velit rebum iriure tincidunt tempor no est.\nSed accusam laoreet amet at consectetuer duis stet facilisis tempor nisl. Wisi at et sanctus erat. Est sadipscing gubergren dolor rebum duo ipsum consetetur consetetur voluptua aliquyam nonumy sed amet ea. Vel exerci iriure in autem est nisl dolores hendrerit magna dolor sanctus sadipscing et sit erat imperdiet. Ad tation ea odio lorem ipsum et lorem sea odio et. No gubergren justo sanctus labore takimata ut vero amet esse quis accusam no. Accusam clita dolores vero. Imperdiet dolore sanctus et ipsum dolore justo eirmod lorem lorem ut elitr justo sadipscing ullamcorper nisl stet est. Sit tation gubergren sea ea veniam aliquyam eos lorem kasd ut dolore invidunt ut elit lorem consequat ipsum ut. Nostrud est vel ut rebum sadipscing amet hendrerit duo eros eirmod ut ad duis dolor eros. Illum diam takimata sanctus euismod sed lorem at duis dolor. Assum eos labore gubergren dolore et et id invidunt dolore est. Duo takimata in ipsum iusto sed at lorem invidunt enim. Vel dolor wisi illum placerat minim voluptua volutpat elitr sit no tempor ex sadipscing elitr blandit. Ut lorem invidunt. Est at ea lorem. Diam ipsum dolor justo eos erat lorem.\n","publishDate":"2021-07-31T19:21:42.6362739+00:00"},{"id":12,"title":"Book 12","description":"Labore iriure sea. Velit eirmod no invidunt et lorem consequat at augue accusam sadipscing at tempor vero ut et dolore. Erat zzril elitr dolore sit ipsum dolor in velit diam et id diam. Odio sanctus tation exerci euismod lorem tempor kasd et no nibh aliquyam diam. Dolore dolor lorem clita sanctus eos et nonumy diam consetetur vero. Suscipit erat ad clita sed ea ullamcorper accusam duo ipsum eirmod. No vero sed hendrerit ipsum eros lorem et velit aliquyam esse. Nibh wisi justo vero dolor nulla magna accusam amet no consectetuer. Magna placerat eum lorem aliquyam et facilisis ut nonumy. Sed est stet in in no ipsum clita consetetur sed takimata diam magna nonumy ipsum labore molestie est sadipscing. Enim quis eum soluta et eu magna delenit et eros aliquyam labore. Gubergren eirmod justo consectetuer aliquip diam ea quis lorem amet delenit. Ut ipsum sit et sea odio consetetur takimata lorem ipsum lorem sanctus justo aliquyam qui eos erat kasd vero. Lobortis et dolore diam amet nisl eu ut aliquyam vero feugait elitr ut erat ea. Diam sed sadipscing.\n","pageCount":1200,"excerpt":"Sadipscing at lorem vel tation possim magna. Amet sit at dolor et feugait no gubergren lobortis et consectetuer gubergren vero at tempor dolor rebum magna accusam. Amet ea sea et lobortis qui quod sanctus sanctus ipsum sadipscing dolor autem stet et. Sadipscing labore dolore hendrerit erat amet et in sed. Eos aliquyam veniam et voluptua eu aliquip blandit placerat possim ut diam diam. Accusam invidunt magna elitr wisi ut sed. Voluptua enim elit veniam diam eleifend ad. Veniam kasd eu. Lorem ea tempor. Takimata elit vero et magna facilisis dolor ipsum eos dolor. Erat invidunt ipsum voluptua praesent sea lorem in gubergren laoreet sit. Eu magna elitr sadipscing amet sadipscing aliquyam stet dolor tempor vulputate.\nEirmod feugait et. Et stet zzril dolor accusam ex iriure nonummy accusam vel. Euismod ut et. Ut sadipscing nulla exerci kasd at ipsum odio dolor duo aliquip consequat ipsum magna accusam dolore dolore facer sed. Luptatum dolor vel nibh rebum feugait in volutpat clita no magna delenit delenit clita accusam. Invidunt kasd gubergren eum stet veniam amet ut stet clita sit stet no eirmod odio. Feugait dolore consetetur et augue adipiscing facilisis minim dolore dolor.\nQui eum consetetur dolor et kasd gubergren. Gubergren accusam eros diam dolores nonumy dolor sit sed nihil magna tempor dolor est euismod liber feugait amet labore. Et exerci adipiscing. Dolores stet autem kasd rebum tempor diam praesent vulputate ullamcorper et molestie dolores quod tempor duis blandit sed labore. Lorem lorem gubergren amet ut hendrerit. Voluptua invidunt et.\nMazim elitr ut sit feugait hendrerit erat possim no et eu nibh. Tempor amet duo molestie lorem consequat dolore feugiat et. No ipsum et odio sit et dolore eleifend amet tation invidunt. Justo aliquam iriure vulputate ut hendrerit clita quod dolore duo at amet sit. Te dolore delenit lorem est vulputate lorem rebum laoreet blandit sed. Ipsum ipsum et eos lorem aliquyam gubergren dolore nonumy duo vero elitr justo diam luptatum in eros. Eum lorem vulputate et labore elitr consequat exerci et dolores labore ipsum. Feugiat labore diam consetetur takimata te elit no amet esse dignissim dolor diam tempor ut praesent. Congue lorem ut et labore dolore est tation duo nonumy dolor dolores consequat elit clita sed amet lorem sadipscing. No duis aliquyam mazim ea magna illum takimata et eos dolor eirmod vero eos et vero sed.\nAmet aliquyam eum lorem tempor tation sea takimata clita vel blandit consequat doming aliquyam consetetur ipsum. Gubergren takimata eos elitr nulla dolor autem possim est. Diam ipsum invidunt ut elitr esse ullamcorper ipsum voluptua ut veniam. Ipsum kasd dignissim elitr eirmod sadipscing rebum dolor odio dolor assum sanctus diam facilisis ut accusam. Consetetur ipsum clita eirmod erat augue nisl gubergren. Kasd adipiscing et amet diam exerci sea diam stet exerci kasd erat clita dolor dolore quod erat vero. Sit et et aliquyam imperdiet amet ea eos invidunt duis placerat esse. Vel ipsum sadipscing lorem kasd voluptua ut. Sed dolores diam iusto autem diam ut lorem vel. Magna blandit sed est molestie justo rebum facilisi eos feugait accusam est dolor. Et erat consetetur dolores et amet velit amet et invidunt nostrud augue sed consetetur. At ut duis sit erat doming duis sadipscing illum stet ipsum vel et eos tempor et. Nonumy facilisis diam ipsum minim sed ipsum qui ut aliquyam ut erat erat commodo rebum voluptua dolore quis tation.\n","publishDate":"2021-07-30T19:21:42.636372+00:00"},{"id":13,"title":"Book 13","description":"Et feugiat labore dolore nostrud suscipit est stet at tation. Facilisi dolor aliquip vel amet ex ut. Eirmod ea vero dolore consequat qui lorem et sit ea justo tempor diam elitr ipsum dolores. Lobortis et hendrerit placerat lorem amet cum magna sit in dolore nostrud clita sea accusam no consequat dolores eos.\n","pageCount":1300,"excerpt":"Option consequat vero at ipsum ipsum rebum. Autem ipsum labore in no autem nulla diam illum. Sit accusam stet et est justo voluptua duo iriure no justo dolor ea ipsum lorem. Eirmod nibh justo velit ut et dolor lobortis et in nonumy vel sea lorem. No gubergren dolore liber minim ea. Et duo ut dolore diam sanctus te sit assum invidunt sed lorem lorem rebum rebum ut erat stet liber. Praesent erat erat. Vero nonumy sanctus et kasd sit ut voluptua. Vero placerat tempor takimata. Lorem vero et aliquam duo et quod vero erat ut dolore lorem. Commodo diam dolores.\nIpsum diam tation labore magna magna ea sanctus molestie sit vero sadipscing dolor vero esse magna et amet sit. Congue soluta et diam sadipscing luptatum. Ea sed labore consetetur invidunt dolore. Sit nonummy et lorem et et justo hendrerit aliquam wisi nonumy labore nulla. Dolor duis accusam consetetur dolores diam amet aliquyam dolore eirmod diam elitr sit lorem. Accumsan wisi ipsum amet magna ut diam dolor sed sanctus dolor elitr commodo dolore diam ut eum eos. Lorem quod sed sadipscing dolore at mazim. At volutpat eos dolores consequat ullamcorper magna erat et clita sed. Sea et lorem sit dolor consetetur eos. Placerat dolores in ea nulla est in elit dolor zzril. Eros tempor sed vero feugiat sanctus vulputate ex clita eum et kasd labore sed. Ut dolores ea. Amet voluptua takimata elitr sit ipsum sit aliquyam et blandit consectetuer eum sit sea sea diam invidunt sit adipiscing. Magna sit sed diam dolor gubergren possim. Takimata facilisi eum dignissim sed hendrerit nonumy euismod aliquyam eos velit diam duo dolor amet consetetur et lorem et. Amet nonumy dolores lorem at sadipscing diam.\nSea ipsum et ipsum at commodo eirmod elit ea sed magna amet aliquyam sanctus iriure. Consectetuer duo soluta. Magna dolor velit amet augue magna vero eros justo no dolor sanctus et eos elitr elitr. No ut eirmod justo justo. Duis clita at. Sit vel clita. Facer dolor feugait et eirmod erat eros dolore dolor eros lorem rebum. Erat lorem elitr erat amet vero sanctus blandit et. Vero et esse. Invidunt labore sed magna commodo ad labore elit eirmod wisi est duo et et dolor et. Sed labore volutpat dolore diam no sit consequat in dolor amet elitr adipiscing gubergren duo dolor nibh consetetur consequat. Dolor dolore nibh amet ut dignissim ut stet gubergren vulputate sea. Ipsum diam justo accusam diam minim sed adipiscing sed magna invidunt accusam amet in clita dolores. Sed elit elitr suscipit sea diam aliquam sed. Tation dolore blandit vulputate diam est et amet lorem erat ipsum aliquyam. Velit eum nonumy dolor enim in diam erat ipsum et. Ut sea dolor aliquyam et dolores ipsum magna laoreet eu facilisis eum ea dolore. Ut et erat erat.\nAccusam voluptua kasd erat aliquyam sit et dolor rebum vel clita et diam in accusam dolor exerci. Et lorem sanctus sed congue justo labore doming. Nulla lorem justo voluptua iriure magna labore dolor sit eirmod. Accusam dolores dolor dolore amet eu. Et volutpat accusam minim dolore ipsum magna nihil lorem ea blandit sadipscing. Lorem in nibh tempor ut ut erat ea justo exerci esse nonumy et ea facilisi accusam nibh lorem. Et molestie nonumy magna justo et amet stet consetetur minim in stet id vel dolores no labore clita nam. Rebum amet in tation sanctus sed lorem vero sit vel. Et ipsum stet kasd tempor lorem dolor ea dolore. Dolore ipsum justo. Eos et tempor et tempor vel dolores diam sit eirmod erat dolores amet clita. Dolor gubergren doming takimata clita et sit et invidunt diam magna praesent ipsum amet et aliquam ut ipsum. Duis voluptua tempor sea diam tempor nulla eos et consequat gubergren diam justo amet. Esse duo elit consectetuer elitr et consequat et vel justo. Et ipsum at eirmod ut dolore.\nLorem sadipscing nonumy ex ipsum lorem illum vero dolor sanctus magna consetetur ipsum dolores dolor elitr facilisis diam sit. Amet diam accusam exerci consequat aliquyam sadipscing diam sit voluptua autem et rebum consectetuer amet sit tation. Voluptua kasd stet voluptua consetetur sed. Nulla sadipscing ipsum eos sadipscing dolore quod aliquyam elitr diam sed dolores. No autem dolore sanctus et et duis aliquip amet et gubergren vero labore suscipit eirmod elitr magna sit. Amet iriure no consetetur sadipscing dolores tempor ipsum te consetetur at nulla clita nulla hendrerit option. Molestie dolor labore gubergren sed duo dolore. Diam et eu duo lorem lorem exerci dignissim hendrerit illum tation. Diam lorem voluptua. Kasd amet sit nonummy eos dignissim odio. Diam duis at eum eos lorem dolore magna dolor eum dolore nibh. Amet ipsum ipsum commodo wisi consequat ipsum facer erat erat invidunt tempor iusto nulla. Justo labore ea sed lorem et amet consectetuer stet tempor erat clita dolor amet clita no ea takimata.\n","publishDate":"2021-07-29T19:21:42.636485+00:00"},{"id":14,"title":"Book 14","description":"Imperdiet invidunt ipsum ut duis invidunt dolor dolor eleifend stet esse. Hendrerit erat mazim sit sed eos no lorem voluptua erat ullamcorper ipsum suscipit amet amet stet at erat ut. Invidunt et lorem elitr est vero aliquyam duo et nonumy vel amet nulla takimata voluptua sanctus voluptua consetetur dolores. Praesent justo nonumy vero rebum dolor nonumy sed volutpat sadipscing tempor euismod ipsum laoreet dolore. Duo lobortis exerci consetetur ut et duis vero molestie esse sed ea elitr duis esse facilisi in clita sadipscing.\n","pageCount":1400,"excerpt":"Sed eirmod dolor amet. Ea magna iriure dolor takimata amet amet kasd velit at. Dolores sea et et vero sadipscing tempor amet nobis sed iusto gubergren et sit blandit. At gubergren tation magna wisi sed nisl. Suscipit sanctus voluptua diam diam labore dignissim dolor at amet sit erat ipsum. Adipiscing tempor sed at. Praesent eu diam sea ipsum vero aliquam luptatum no eleifend dolore elit tation. Consequat duis euismod consequat diam ipsum sed diam accusam delenit justo. Ut dolore elitr sed gubergren. Ut erat sanctus gubergren duo labore et dolores. Lorem eos eu justo justo ipsum sadipscing ipsum congue et invidunt kasd amet et et blandit sanctus. Labore labore dolore iusto feugait dolor nonumy erat sit sanctus elit magna takimata. Magna ipsum consetetur est amet sanctus dolores adipiscing et invidunt ut euismod enim duis.\nNo duis sit et et option esse quod velit eum dolore sea sanctus ipsum ut in. Facer diam lorem ut magna at dolor est. Voluptua voluptua aliquip invidunt elit molestie vulputate ut ut eirmod eirmod dolore et voluptua et ut. Enim justo est ut ipsum sit ut aliquyam dolore et dolore sed diam duis.\nEst erat ut dolore adipiscing diam sed dolore diam amet consectetuer sit. Sanctus et erat takimata feugiat dolor lorem rebum lorem eu ut justo laoreet aliquyam kasd vel sit et elitr. Cum dignissim amet et magna consetetur dolor et elitr eos. Vero erat eirmod autem erat luptatum nulla justo erat sed consetetur nonumy ipsum kasd feugiat amet in diam. In ut dolores. Consetetur ea sed facilisis lorem diam luptatum ut iriure gubergren wisi sadipscing. Odio enim ut justo erat. Tempor ipsum ipsum sadipscing dolor consetetur dolor duo vero te quod et consetetur. Amet sit labore nulla et. Te sea vero.\nFeugiat invidunt in hendrerit amet eos nihil duo sit nonumy molestie ea ut sea amet te. Sit eirmod ipsum tempor accusam sadipscing nulla magna amet stet sanctus ullamcorper eos sanctus amet eros. Velit vero feugiat vero ut erat vel clita. Magna et eirmod accusam sit. Takimata dolore sed lorem justo et magna facilisi iusto ut nonumy ut elitr vel consetetur aliquip ut eos. Diam dolores erat duis suscipit rebum no. Stet dolore rebum ipsum nibh vulputate magna qui sanctus et luptatum dolores vulputate feugiat et duo. Et lorem dolores erat rebum nulla amet. Et labore kasd et option exerci accusam ipsum labore. Et elitr nostrud eos aliquyam. Congue dolores in ut dolore liber sed et dolores nulla amet. Ut sanctus clita magna vel lobortis gubergren nonumy rebum diam eos dolores diam ipsum in. Et tincidunt sit sea hendrerit takimata diam amet dolor voluptua sed. Dolores et dolor dolore eirmod sea diam elitr est. Sed dolore wisi eirmod sit magna consetetur ad. Sadipscing magna ut diam kasd et nulla te molestie duo kasd adipiscing blandit consetetur et invidunt praesent sed labore. Sea diam dolor no ipsum rebum sit vero eu ut sed elit takimata sadipscing ut. Nonumy erat eirmod adipiscing vero erat ut at et lorem sadipscing justo eos ipsum ut. Ea at et ea justo lorem.\nElit et diam ea et vel vero dolor et odio consectetuer sed eu tempor dolore diam sed. Clita et stet est dolore. Dolore ipsum dolor sit ullamcorper lorem et gubergren sed voluptua. Nibh takimata rebum et nam option. Iriure consectetuer lorem consetetur ea tincidunt lorem cum et clita labore magna cum magna et dolores nulla. Nostrud sea dolor accusam duo. Dignissim autem vulputate imperdiet sit nonumy est sed dolores ipsum sit at facilisi ea eros lorem sit ea. Dignissim velit lorem sanctus sit elitr facilisis vulputate sadipscing elitr et eros vulputate invidunt. Suscipit amet volutpat et dolores. Aliquip consetetur et kasd gubergren congue voluptua. Gubergren sit eu eros. Ut amet et sit illum ut invidunt dolore facilisis lorem takimata ipsum delenit dolore lorem aliquyam sea nonumy qui. Takimata duis ea consetetur exerci dolor nonumy magna diam consequat clita nibh et et ipsum amet vero. Gubergren magna vero takimata qui sit lorem amet ipsum et lorem nonumy sadipscing. Tempor dolores esse. Sadipscing aliquam lorem commodo justo tation mazim diam option autem voluptua autem ipsum dolor ipsum dolores.\n","publishDate":"2021-07-28T19:21:42.6365842+00:00"},{"id":15,"title":"Book 15","description":"Commodo eirmod sea elitr ipsum sea sit rebum lorem et dolor no sed nisl dolor eirmod. Feugiat tempor sea et sed sadipscing ea possim qui. Magna autem dolor sit nulla stet amet tempor dolores amet amet lorem gubergren iriure clita invidunt ipsum eirmod. Ipsum nonummy aliquyam lorem ut ipsum vel at consetetur et takimata invidunt consetetur. Diam consetetur duo at nibh duis nonumy diam dolore nibh et. Elitr exerci veniam consetetur et voluptua diam rebum lorem amet sadipscing rebum consetetur.\n","pageCount":1500,"excerpt":"Et iusto et voluptua et sed stet sit laoreet gubergren nostrud duo minim rebum consetetur. In eirmod vel invidunt amet clita consequat magna. Eum nibh ipsum rebum lorem nulla soluta lorem ipsum soluta ea et erat ut voluptua nibh ut exerci.\nPraesent takimata vel dolor ut diam gubergren ea lorem ut kasd vulputate et at enim. Sanctus et accumsan voluptua labore in dolor rebum no. Est nonummy et lorem ipsum est sed et sed minim et est wisi diam. Dolor takimata aliquyam ipsum clita ea sit erat dolore dolores invidunt ea dolor tempor et gubergren molestie. Dignissim ut consetetur rebum velit lorem gubergren invidunt suscipit nonumy vero et dolor dolore ipsum. Consequat lorem praesent at est eirmod dolor eos diam rebum blandit elitr erat voluptua.\nNisl nonumy sea ut. Vel ut dolor illum clita facilisi placerat eos dolore et eu enim labore iriure et amet duo ipsum et. Magna eos volutpat sadipscing justo nisl amet takimata dolore esse dolore ea lorem invidunt consectetuer sed consetetur tempor. Ipsum dolores sed accusam magna. No stet voluptua sit stet. Nonumy eleifend nonumy esse sed sanctus d
[...]
<arg>${STATUSCODE_DESEJADO}</arg>
<doc>Fails if objects are unequal after converting them to strings.</doc>
<msg timestamp="20210811 16:21:48.515" level="INFO">Argument types are:
&lt;class 'int'&gt;
&lt;type 'unicode'&gt;</msg>
<status status="PASS" starttime="20210811 16:21:48.512" endtime="20210811 16:21:48.515"/>
</kw>
<status status="PASS" starttime="20210811 16:21:48.510" endtime="20210811 16:21:48.516"/>
</kw>
<kw name="Confere o reason" library="StepsAPI">
<arg>OK</arg>
<kw name="Should Be Equal As Strings" library="BuiltIn">
<arg>${RESPOSTA.reason}</arg>
<arg>${REASON_DESEJADO}</arg>
<doc>Fails if objects are unequal after converting them to strings.</doc>
<status status="PASS" starttime="20210811 16:21:48.519" endtime="20210811 16:21:48.521"/>
</kw>
<status status="PASS" starttime="20210811 16:21:48.517" endtime="20210811 16:21:48.523"/>
</kw>
<kw name="Confere se retorna todos os dados do livro alterado" library="StepsAPI">
<kw name="Dictionary Should Contain Item" library="Collections">
<arg>${RESPOSTA.json()}</arg>
<arg>id</arg>
<arg>${BOOK_NEW.id}</arg>
<doc>An item of ``key`` / ``value`` must be found in a ``dictionary``.</doc>
<status status="PASS" starttime="20210811 16:21:48.526" endtime="20210811 16:21:48.530"/>
</kw>
<kw name="Dictionary Should Contain Item" library="Collections">
<arg>${RESPOSTA.json()}</arg>
<arg>title</arg>
<arg>${BOOK_NEW.title}</arg>
<doc>An item of ``key`` / ``value`` must be found in a ``dictionary``.</doc>
<status status="PASS" starttime="20210811 16:21:48.531" endtime="20210811 16:21:48.535"/>
</kw>
<kw name="Dictionary Should Contain Item" library="Collections">
<arg>${RESPOSTA.json()}</arg>
<arg>pageCount</arg>
<arg>${BOOK_NEW.pageCount}</arg>
<doc>An item of ``key`` / ``value`` must be found in a ``dictionary``.</doc>
<status status="PASS" starttime="20210811 16:21:48.536" endtime="20210811 16:21:48.540"/>
</kw>
<kw name="Should Not Be Empty" library="BuiltIn">
<arg>${RESPOSTA.json()["excerpt"]}</arg>
<doc>Verifies that the given item is not empty.</doc>
<msg timestamp="20210811 16:21:48.543" level="INFO">Length is 3719</msg>
<status status="PASS" starttime="20210811 16:21:48.541" endtime="20210811 16:21:48.543"/>
</kw>
<kw name="Should Not Be Empty" library="BuiltIn">
<arg>${RESPOSTA.json()["description"]}</arg>
<doc>Verifies that the given item is not empty.</doc>
<msg timestamp="20210811 16:21:48.545" level="INFO">Length is 339</msg>
<status status="PASS" starttime="20210811 16:21:48.543" endtime="20210811 16:21:48.545"/>
</kw>
<kw name="Should Not Be Empty" library="BuiltIn">
<arg>${RESPOSTA.json()["publishDate"]}</arg>
<doc>Verifies that the given item is not empty.</doc>
<msg timestamp="20210811 16:21:48.548" level="INFO">Length is 32</msg>
<status status="PASS" starttime="20210811 16:21:48.546" endtime="20210811 16:21:48.548"/>
</kw>
<status status="PASS" starttime="20210811 16:21:48.524" endtime="20210811 16:21:48.549"/>
</kw>
<status status="PASS" starttime="20210811 16:21:47.017" endtime="20210811 16:21:48.550"/>
</test>
<test id="s1-t5" name="CT5:Deletar um livro (DELETE)">
<kw name="Conectar a API" library="StepsAPI" type="SETUP">
<kw name="Create Session" library="RequestsLibrary">
<arg>fakeAPI</arg>
<arg>${URL_API}</arg>
<doc>Create Session: create a HTTP session to a server</doc>
<msg timestamp="20210811 16:21:48.564" level="INFO">Creating Session using : alias=fakeAPI, url=https://fakerestapi.azurewebsites.net/api/v1/, headers={},                     cookies={}, auth=None, timeout=None, proxies=None, verify=False,                     debug=0 </msg>
<status status="PASS" starttime="20210811 16:21:48.561" endtime="20210811 16:21:48.565"/>
</kw>
<status status="PASS" starttime="20210811 16:21:48.560" endtime="20210811 16:21:48.566"/>
</kw>
<kw name="Requisita o novo livro cadastrado &quot;16&quot;" library="StepsAPI" sourcename="Requisita o novo livro cadastrado &quot;${Id_Book}&quot;">
<kw name="Get Request" library="RequestsLibrary">
<var>${RESPOSTA}</var>
<arg>fakeAPI</arg>
<arg>Books/${Id_Book}</arg>
<doc>*DEPRECATED* Please use `GET On Session` instead.</doc>
<msg timestamp="20210811 16:21:48.578" level="WARN">Keyword 'RequestsLibrary.Get Request' is deprecated. Please use `GET On Session` instead.</msg>
<msg timestamp="20210811 16:21:49.619" level="INFO">GET Request : url=https://fakerestapi.azurewebsites.net/api/v1/Books/16 
 path_url=/api/v1/Books/16 
 headers={'User-Agent': 'python-requests/2.26.0', 'Accept-Encoding': 'gzip, deflate', 'Accept': '*/*', 'Connection': 'keep-alive'} 
 body=None 
 </msg>
<msg timestamp="20210811 16:21:49.619" level="INFO">GET Response : url=https://fakerestapi.azurewebsites.net/api/v1/Books/16 
 status=200, reason=OK 
 headers={'Transfer-Encoding': 'chunked', 'Content-Type': 'application/json; charset=utf-8; v=1.0', 'Server': 'Kestrel', 'api-supported-versions': '1.0', 'Date': 'Wed, 11 Aug 2021 19:21:50 GMT'} 
 body={"id":16,"title":"Book 16","description":"Duo nonummy lorem sed nihil aliquyam ut dolor delenit tempor eos dolor labore. Vulputate duis ea ipsum diam erat labore lorem rebum. Et justo dolor voluptua eu.\n","pageCount":1600,"excerpt":"Dolores autem ut consetetur dolore lorem consequat delenit iriure takimata amet ut te lorem autem. Sit veniam stet ad ea nonumy dolor. Consetetur amet ipsum rebum nulla sadipscing et. Ut nulla takimata diam amet ipsum magna tempor dolores blandit vel et diam eirmod takimata ut ea. Voluptua illum rebum adipiscing stet lorem ea rebum lobortis amet sit clita sed dolore eum et nonumy et. Consequat et ad et ipsum consequat aliquyam doming vero rebum consequat erat at ipsum. Sed et tation duo ipsum et sit duo erat consequat vulputate eirmod eum. Justo clita sea sit ea stet sed erat stet duo amet. Kasd ipsum dolore ipsum et et dolore amet et ipsum sed diam dolore sit diam. Voluptua congue dolor dolor invidunt. Erat consetetur takimata. Ipsum et nonumy duo.\nMolestie sit justo sanctus labore amet in dolore amet autem. Aliquyam consetetur ullamcorper eirmod ea stet accusam vero duis. Labore invidunt kasd consetetur facilisi vero diam justo takimata aliquyam voluptua et. Ipsum enim at. Dolor dolore takimata sed. Accusam iriure et et eos accusam. Labore ea magna eos stet eum sanctus diam ut. Dolores labore no erat voluptua sit rebum. Labore at ipsum dolore ex eos vero wisi eirmod kasd. Sit nonumy no veniam invidunt dolore voluptua. Dolor duis vero dolor dignissim velit lorem amet imperdiet dignissim. Invidunt facilisis sanctus sadipscing vulputate diam amet dolore amet tation at dolore ut consequat accusam.\nClita in tempor consequat eu rebum et invidunt no sadipscing ut nonumy erat diam rebum lobortis eum sed sit. Rebum justo et voluptua nonumy elitr nibh eos esse. Minim no eros dolor magna feugiat ea euismod no nonumy rebum. Ad esse ex labore tempor amet sanctus eleifend odio. Kasd et et dolor elitr odio et rebum aliquyam dolore ut dolor quis illum duo dolores. Consetetur tation suscipit sea rebum ullamcorper labore facer velit ut ipsum eu suscipit sanctus laoreet minim. Odio soluta eirmod consetetur eum at diam volutpat te cum at tation et eirmod elitr consequat dolores. Sed vero nonumy accusam ipsum diam clita et amet dolores. Velit et molestie labore lorem ullamcorper facilisi delenit erat dolores amet aliquyam rebum dolor magna aliquyam voluptua dolor. Amet et dolor no.\nRebum gubergren in facer clita sit esse eirmod clita ut nulla vero ut. Hendrerit erat dolores sed. Sed mazim laoreet. Elitr stet dolore et sadipscing elitr aliquip dolor duo et tempor at rebum magna. Sanctus labore dolor rebum est lorem aliquyam qui est sea suscipit justo no et consetetur. Sadipscing amet ipsum labore amet et magna consequat kasd et dolor iusto ipsum sea nonumy option sanctus dolor nibh. Sit eros elitr laoreet amet illum erat dignissim consequat dolore sit dolores et magna sed delenit eirmod. In aliquyam aliquam justo clita aliquam eirmod erat. Labore aliquyam lorem nonumy accusam wisi ut nulla nonumy magna sed elit illum lorem augue ea. Diam sea dolores at lorem gubergren kasd dolore takimata sit. No ipsum vero et vero eros clita sit. Sadipscing vulputate invidunt rebum ut placerat facer sed clita accusam enim sit et dolores hendrerit kasd diam amet accusam. Facilisi lorem nulla soluta delenit labore sadipscing sed vero consetetur stet rebum dolor at eirmod ipsum no. Vulputate diam no dolor diam kasd dolor dolor sed labore labore soluta in duo at est ipsum duo eirmod. Magna kasd consetetur sit sanctus sed tempor at. Labore amet dolor diam dolores ut diam erat congue.\nVulputate kasd voluptua nonummy diam congue ut eum nihil dolore. Exerci lorem liber duis et duis enim sanctus amet blandit. Ipsum feugiat at augue consetetur consectetuer clita erat nonumy est adipiscing eu lorem stet eos diam enim lorem. No takimata duis est est magna diam cum est diam facilisi sea sea et euismod justo. Sit aliquip sadipscing et dolores. At dolore dolores. Consequat consequat no delenit aliquyam sadipscing nulla quis stet liber esse lorem. Sea est labore sadipscing congue nulla et tation justo odio sadipscing ex hendrerit lorem magna dolore ipsum labore sed. Et sed sit esse at eos.\n","publishDate":"2021-07-26T19:21:50.115769+00:00"} 
 </msg>
<msg timestamp="20210811 16:21:49.620" level="INFO">c:\users\jessica\appdata\local\programs\python\python39\lib\site-packages\urllib3\connectionpool.py:1013: InsecureRequestWarning: Unverified HTTPS request is being made to host 'fakerestapi.azurewebsites.net'. Adding certificate verification is strongly advised. See: https://urllib3.readthedocs.io/en/1.26.x/advanced-usage.html#ssl-warnings
  warnings.warn(</msg>
<msg timestamp="20210811 16:21:49.622" level="INFO">${RESPOSTA} = &lt;Response [200]&gt;</msg>
<status status="PASS" starttime="20210811 16:21:48.578" endtime="20210811 16:21:49.622"/>
</kw>
<kw name="Log" library="BuiltIn">
<arg>${RESPOSTA.text}</arg>
<doc>Logs the given message with the given level.</doc>
<msg timestamp="20210811 16:21:49.624" level="INFO">{"id":16,"title":"Book 16","description":"Duo nonummy lorem sed nihil aliquyam ut dolor delenit tempor eos dolor labore. Vulputate duis ea ipsum diam erat labore lorem rebum. Et justo dolor voluptua eu.\n","pageCount":1600,"excerpt":"Dolores autem ut consetetur dolore lorem consequat delenit iriure takimata amet ut te lorem autem. Sit veniam stet ad ea nonumy dolor. Consetetur amet ipsum rebum nulla sadipscing et. Ut nulla takimata diam amet ipsum magna tempor dolores blandit vel et diam eirmod takimata ut ea. Voluptua illum rebum adipiscing stet lorem ea rebum lobortis amet sit clita sed dolore eum et nonumy et. Consequat et ad et ipsum consequat aliquyam doming vero rebum consequat erat at ipsum. Sed et tation duo ipsum et sit duo erat consequat vulputate eirmod eum. Justo clita sea sit ea stet sed erat stet duo amet. Kasd ipsum dolore ipsum et et dolore amet et ipsum sed diam dolore sit diam. Voluptua congue dolor dolor invidunt. Erat consetetur takimata. Ipsum et nonumy duo.\nMolestie sit justo sanctus labore amet in dolore amet autem. Aliquyam consetetur ullamcorper eirmod ea stet accusam vero duis. Labore invidunt kasd consetetur facilisi vero diam justo takimata aliquyam voluptua et. Ipsum enim at. Dolor dolore takimata sed. Accusam iriure et et eos accusam. Labore ea magna eos stet eum sanctus diam ut. Dolores labore no erat voluptua sit rebum. Labore at ipsum dolore ex eos vero wisi eirmod kasd. Sit nonumy no veniam invidunt dolore voluptua. Dolor duis vero dolor dignissim velit lorem amet imperdiet dignissim. Invidunt facilisis sanctus sadipscing vulputate diam amet dolore amet tation at dolore ut consequat accusam.\nClita in tempor consequat eu rebum et invidunt no sadipscing ut nonumy erat diam rebum lobortis eum sed sit. Rebum justo et voluptua nonumy elitr nibh eos esse. Minim no eros dolor magna feugiat ea euismod no nonumy rebum. Ad esse ex labore tempor amet sanctus eleifend odio. Kasd et et dolor elitr odio et rebum aliquyam dolore ut dolor quis illum duo dolores. Consetetur tation suscipit sea rebum ullamcorper labore facer velit ut ipsum eu suscipit sanctus laoreet minim. Odio soluta eirmod consetetur eum at diam volutpat te cum at tation et eirmod elitr consequat dolores. Sed vero nonumy accusam ipsum diam clita et amet dolores. Velit et molestie labore lorem ullamcorper facilisi delenit erat dolores amet aliquyam rebum dolor magna aliquyam voluptua dolor. Amet et dolor no.\nRebum gubergren in facer clita sit esse eirmod clita ut nulla vero ut. Hendrerit erat dolores sed. Sed mazim laoreet. Elitr stet dolore et sadipscing elitr aliquip dolor duo et tempor at rebum magna. Sanctus labore dolor rebum est lorem aliquyam qui est sea suscipit justo no et consetetur. Sadipscing amet ipsum labore amet et magna consequat kasd et dolor iusto ipsum sea nonumy option sanctus dolor nibh. Sit eros elitr laoreet amet illum erat dignissim consequat dolore sit dolores et magna sed delenit eirmod. In aliquyam aliquam justo clita aliquam eirmod erat. Labore aliquyam lorem nonumy accusam wisi ut nulla nonumy magna sed elit illum lorem augue ea. Diam sea dolores at lorem gubergren kasd dolore takimata sit. No ipsum vero et vero eros clita sit. Sadipscing vulputate invidunt rebum ut placerat facer sed clita accusam enim sit et dolores hendrerit kasd diam amet accusam. Facilisi lorem nulla soluta delenit labore sadipscing sed vero consetetur stet rebum dolor at eirmod ipsum no. Vulputate diam no dolor diam kasd dolor dolor sed labore labore soluta in duo at est ipsum duo eirmod. Magna kasd consetetur sit sanctus sed tempor at. Labore amet dolor diam dolores ut diam erat congue.\nVulputate kasd voluptua nonummy diam congue ut eum nihil dolore. Exerci lorem liber duis et duis enim sanctus amet blandit. Ipsum feugiat at augue consetetur consectetuer clita erat nonumy est adipiscing eu lorem stet eos diam enim lorem. No takimata duis est est magna diam cum est diam facilisi sea sea et euismod justo. Sit aliquip sadipscing et dolores. At dolore dolores. Consequat consequat no delenit aliquyam sadipscing nulla quis stet liber esse lorem. Sea est labore sadipscing congue nulla et tation justo odio sadipscing ex hendrerit lorem magna dolore ipsum labore sed. Et sed sit esse at eos.\n","publishDate":"2021-07-26T19:21:50.115769+00:00"}</msg>
<status status="PASS" starttime="20210811 16:21:49.622" endtime="20210811 16:21:49.625"/>
</kw>
<kw name="Set Test Variable" library="BuiltIn">
<arg>${RESPOSTA}</arg>
<doc>Makes a variable available everywhere within the scope of the current test.</doc>
<msg timestamp="20210811 16:21:49.627" level="INFO">${RESPOSTA} = &lt;Response [200]&gt;</msg>
<status status="PASS" starttime="20210811 16:21:49.625" endtime="20210811 16:21:49.627"/>
</kw>
<status status="PASS" starttime="20210811 16:21:48.576" endtime="20210811 16:21:49.628"/>
</kw>
<kw name="Deleta o livro &quot;16&quot;" library="StepsAPI" sourcename="Deleta o livro &quot;${Books_Del}&quot;">
<kw name="Delete Request" library="RequestsLibrary">
<var>${RESPOSTA}</var>
<arg>fakeAPI</arg>
<arg>Books/${Books_Del}</arg>
<doc>*DEPRECATED* Please use `DELETE On Session` instead.</doc>
<msg timestamp="20210811 16:21:49.630" level="WARN">Keyword 'RequestsLibrary.Delete Request' is deprecated. Please use `DELETE On Session` instead.</msg>
<msg timestamp="20210811 16:21:49.846" level="INFO">DELETE Request : url=https://fakerestapi.azurewebsites.net/api/v1/Books/16 
 path_url=/api/v1/Books/16 
 headers={'User-Agent': 'python-requests/2.26.0', 'Accept-Encoding': 'gzip, deflate', 'Accept': '*/*', 'Connection': 'keep-alive', 'Content-Length': '0'} 
 body=None 
 </msg>
<msg timestamp="20210811 16:21:49.846" level="INFO">DELETE Response : url=https://fakerestapi.azurewebsites.net/api/v1/Books/16 
 status=200, reason=OK 
 headers={'Server': 'Kestrel', 'api-supported-versions': '1.0', 'Date': 'Wed, 11 Aug 2021 19:21:50 GMT', 'Content-Length': '0'} 
 body=None 
 </msg>
<msg timestamp="20210811 16:21:49.847" level="INFO">c:\users\jessica\appdata\local\programs\python\python39\lib\site-packages\urllib3\connectionpool.py:1013: InsecureRequestWarning: Unverified HTTPS request is being made to host 'fakerestapi.azurewebsites.net'. Adding certificate verification is strongly advised. See: https://urllib3.readthedocs.io/en/1.26.x/advanced-usage.html#ssl-warnings
  warnings.warn(</msg>
<msg timestamp="20210811 16:21:49.849" level="INFO">${RESPOSTA} = &lt;Response [200]&gt;</msg>
<status status="PASS" starttime="20210811 16:21:49.630" endtime="20210811 16:21:49.849"/>
</kw>
<kw name="Log" library="BuiltIn">
<arg>${RESPOSTA.text}</arg>
<doc>Logs the given message with the given level.</doc>
<msg timestamp="20210811 16:21:49.853" level="INFO"/>
<status status="PASS" starttime="20210811 16:21:49.850" endtime="20210811 16:21:49.853"/>
</kw>
<kw name="Set Test Variable" library="BuiltIn">
<arg>${RESPOSTA}</arg>
<doc>Makes a variable available everywhere within the scope of the current test.</doc>
<msg timestamp="20210811 16:21:49.856" level="INFO">${RESPOSTA} = &lt;Response [200]&gt;</msg>
<status status="PASS" starttime="20210811 16:21:49.855" endtime="20210811 16:21:49.856"/>
</kw>
<status status="PASS" starttime="20210811 16:21:49.629" endtime="20210811 16:21:49.857"/>
</kw>
<kw name="Confere o status code" library="StepsAPI">
<arg>200</arg>
<kw name="Should Be Equal As Strings" library="BuiltIn">
<arg>${RESPOSTA.status_code}</arg>
<arg>${STATUSCODE_DESEJADO}</arg>
<doc>Fails if objects are unequal after converting them to strings.</doc>
<msg timestamp="20210811 16:21:49.862" level="INFO">Argument types are:
&lt;class 'int'&gt;
&lt;type 'unicode'&gt;</msg>
<status status="PASS" starttime="20210811 16:21:49.860" endtime="20210811 16:21:49.863"/>
</kw>
<status status="PASS" starttime="20210811 16:21:49.858" endtime="20210811 16:21:49.863"/>
</kw>
<kw name="Confere o reason" library="StepsAPI">
<arg>OK</arg>
<kw name="Should Be Equal As Strings" library="BuiltIn">
<arg>${RESPOSTA.reason}</arg>
<arg>${REASON_DESEJADO}</arg>
<doc>Fails if objects are unequal after converting them to strings.</doc>
<status status="PASS" starttime="20210811 16:21:49.867" endtime="20210811 16:21:49.870"/>
</kw>
<status status="PASS" starttime="20210811 16:21:49.864" endtime="20210811 16:21:49.871"/>
</kw>
<status status="PASS" starttime="20210811 16:21:48.559" endtime="20210811 16:21:49.872"/>
</test>
<doc>Documentação API: https://fakerestapi.azurewebsites.net/api/v1/Books</doc>
<status status="PASS" starttime="20210811 16:21:38.704" endtime="20210811 16:21:49.878"/>
</suite>
<statistics>
<total>
<stat pass="5" fail="0" skip="0">All Tests</stat>
</total>
<tag>
</tag>
<suite>
<stat pass="5" fail="0" skip="0" id="s1" name="TestCaseAPI">TestCaseAPI</stat>
</suite>
</statistics>
<errors>
<msg timestamp="20210811 16:21:40.840" level="WARN">Keyword 'RequestsLibrary.Get Request' is deprecated. Please use `GET On Session` instead.</msg>
<msg timestamp="20210811 16:21:44.215" level="WARN">Keyword 'RequestsLibrary.Get Request' is deprecated. Please use `GET On Session` instead.</msg>
<msg timestamp="20210811 16:21:45.567" level="WARN">Keyword 'RequestsLibrary.Post Request' is deprecated. Please use `POST On Session` instead.</msg>
<msg timestamp="20210811 16:21:46.618" level="WARN">Keyword 'RequestsLibrary.Get Request' is deprecated. Please use `GET On Session` instead.</msg>
<msg timestamp="20210811 16:21:47.039" level="WARN">Keyword 'RequestsLibrary.Put Request' is deprecated. Please use `PUT On Session` instead.</msg>
<msg timestamp="20210811 16:21:48.180" level="WARN">Keyword 'RequestsLibrary.Get Request' is deprecated. Please use `GET On Session` instead.</msg>
<msg timestamp="20210811 16:21:48.578" level="WARN">Keyword 'RequestsLibrary.Get Request' is deprecated. Please use `GET On Session` instead.</msg>
<msg timestamp="20210811 16:21:49.630" level="WARN">Keyword 'RequestsLibrary.Delete Request' is deprecated. Please use `DELETE On Session` instead.</msg>
</errors>
</robot>
